#
# There is insufficient memory for the Java Runtime Environment to continue.
# Native memory allocation (mmap) failed to map 65536 bytes for Failed to commit metaspace.
# Possible reasons:
#   The system is out of physical RAM or swap space
#   The process is running with CompressedOops enabled, and the Java Heap may be blocking the growth of the native heap
# Possible solutions:
#   Reduce memory load on the system
#   Increase physical memory or swap space
#   Check if swap backing store is full
#   Decrease Java heap size (-Xmx/-Xms)
#   Decrease number of Java threads
#   Decrease Java thread stack sizes (-Xss)
#   Set larger code cache with -XX:ReservedCodeCacheSize=
#   JVM is running with Unscaled Compressed Oops mode in which the Java heap is
#     placed in the first 4GB address space. The Java Heap base address is the
#     maximum limit for the native heap growth. Please use -XX:HeapBaseMinAddress
#     to set the Java Heap base and to place the Java Heap above 4GB virtual address.
# This output file may be truncated or incomplete.
#
#  Out of Memory Error (virtualSpaceNode.cpp:110), pid=18384, tid=11748
#
# JRE version: OpenJDK Runtime Environment Temurin-17.0.10+7 (17.0.10+7) (build 17.0.10+7)
# Java VM: OpenJDK 64-Bit Server VM Temurin-17.0.10+7 (17.0.10+7, mixed mode, emulated-client, tiered, compressed oops, compressed class ptrs, g1 gc, windows-amd64)
# No core dump will be written. Minidumps are not enabled by default on client versions of Windows
#

---------------  S U M M A R Y ------------

Command Line: -XX:+HeapDumpOnOutOfMemoryError -Xmx1024m -Dsts.lsp.client=vscode -Dsts.log.file=/dev/null -XX:TieredStopAtLevel=1 -Xlog:jni+resolve=off -Dspring.config.location=file:c:\Users\abhij\.vscode\extensions\vmware.vscode-spring-boot-1.52.0\language-server\BOOT-INF\classes\application.properties org.springframework.ide.vscode.boot.app.BootLanguageServerBootApp

Host: 11th Gen Intel(R) Core(TM) i3-1115G4 @ 3.00GHz, 4 cores, 7G,  Windows 11 , 64 bit Build 22621 (10.0.22621.3085)
Time: Sun Mar  3 10:28:55 2024 India Standard Time elapsed time: 1.868900 seconds (0d 0h 0m 1s)

---------------  T H R E A D  ---------------

Current thread (0x000001c2ef6577c0):  JavaThread "main" [_thread_in_vm, id=11748, stack(0x00000090a2100000,0x00000090a2200000)]

Stack: [0x00000090a2100000,0x00000090a2200000]
Native frames: (J=compiled Java code, j=interpreted, Vv=VM code, C=native code)
V  [jvm.dll+0x67d2c9]
V  [jvm.dll+0x834afa]
V  [jvm.dll+0x8365be]
V  [jvm.dll+0x836c23]
V  [jvm.dll+0x2477ff]
V  [jvm.dll+0x8307bb]
V  [jvm.dll+0x621d16]
V  [jvm.dll+0x621d7a]
V  [jvm.dll+0x6245aa]
V  [jvm.dll+0x6226b6]
V  [jvm.dll+0x633599]
V  [jvm.dll+0x62c874]
V  [jvm.dll+0x382e71]
C  0x000001c2f22ec27e

The last pc belongs to method entry point (kind = zerolocals) (printed below).
Java frames: (J=compiled Java code, j=interpreted, Vv=VM code)
j  java.lang.StackTraceElement.<init>()V+0 java.base@17.0.10
j  java.lang.StackTraceElement.of(Ljava/lang/Throwable;I)[Ljava/lang/StackTraceElement;+18 java.base@17.0.10
j  java.lang.Throwable.getOurStackTrace()[Ljava/lang/StackTraceElement;+30 java.base@17.0.10
j  java.lang.Throwable.printStackTrace(Ljava/lang/Throwable$PrintStreamOrWriter;)V+32 java.base@17.0.10
j  java.lang.Throwable.printStackTrace(Ljava/io/PrintStream;)V+9 java.base@17.0.10
j  java.lang.ThreadGroup.uncaughtException(Ljava/lang/Thread;Ljava/lang/Throwable;)V+82 java.base@17.0.10
j  java.lang.ThreadGroup.uncaughtException(Ljava/lang/Thread;Ljava/lang/Throwable;)V+13 java.base@17.0.10
j  java.lang.Thread.dispatchUncaughtException(Ljava/lang/Throwable;)V+6 java.base@17.0.10
v  ~StubRoutines::call_stub
method entry point (kind = zerolocals)  [0x000001c2f22ec180, 0x000001c2f22ec460]  736 bytes
[MachCode]
  0x000001c2f22ec180: 488b 5308 | 0fb7 4a2c | 0fb7 522a | 2bd1 81fa | f501 0000 | 0f86 2500 | 0000 488b | c248 c1e0 
  0x000001c2f22ec1a0: 0348 83c0 | 5849 0387 | c003 0000 | 483b e00f | 870a 0000 | 0058 498b | e550 e9c1 | c6ff ff58 
  0x000001c2f22ec1c0: 4c8d 74cc | f885 d20f | 8e09 0000 | 0068 0000 | 0000 ffca | 7ff7 5055 | 488b ec41 | 5568 0000 
  0x000001c2f22ec1e0: 0000 4c8b | 6b08 4d8d | 6d30 5348 | 8b53 0848 | 8b52 0848 | 8b52 1848 | 8b52 7048 | 8b12 5268 
  0x000001c2f22ec200: 0000 0000 | 488b 5308 | 488b 5208 | 488b 5210 | 5241 5641 | 5568 0000 | 0000 4889 | 2424 41c6 
  0x000001c2f22ec220: 8779 0300 | 0001 488b | 4318 4885 | c00f 85b2 | 0000 00e8 | 0500 0000 | e99b 0000 | 0048 8bd3 
  0x000001c2f22ec240: 488d 4424 | 084c 896d | c049 8bcf | c5f8 7749 | 89af a802 | 0000 4989 | 8798 0200 | 0048 83ec 
  0x000001c2f22ec260: 20f7 c40f | 0000 000f | 841a 0000 | 0048 83ec | 0849 ba50 | 2ea7 1ffe | 7f00 0041 | ffd2 4883 
  0x000001c2f22ec280: c408 e90d | 0000 0049 | ba50 2ea7 | 1ffe 7f00 | 0041 ffd2 | 4883 c420 | 49c7 8798 | 0200 0000 
  0x000001c2f22ec2a0: 0000 0049 | c787 a802 | 0000 0000 | 0000 49c7 | 87a0 0200 | 0000 0000 | 00c5 f877 | 4981 7f08 
  0x000001c2f22ec2c0: 0000 0000 | 0f84 0500 | 0000 e931 | 4cff ff4c | 8b6d c04c | 8b75 c8c3 | 488b 4318 | 4885 c00f 
  0x000001c2f22ec2e0: 8412 0000 | 008b 4808 | 83c1 0289 | 4808 2348 | 200f 84a2 | 0000 0089 | 8424 00f0 | ffff 8984 
  0x000001c2f22ec300: 2400 e0ff | ff89 8424 | 00d0 ffff | 8984 2400 | c0ff ff89 | 8424 00b0 | ffff 8984 | 2400 a0ff 
  0x000001c2f22ec320: ff89 8424 | 0090 ffff | 41c6 8779 | 0300 0000 | 49ba 7935 | 2720 fe7f | 0000 4180 | 3a00 0f84 
  0x000001c2f22ec340: 4200 0000 | 488b 55e8 | 498b cf48 | 83ec 20f7 | c40f 0000 | 000f 841a | 0000 0048 | 83ec 0849 
  0x000001c2f22ec360: ba00 30dd | 1ffe 7f00 | 0041 ffd2 | 4883 c408 | e90d 0000 | 0049 ba00 | 30dd 1ffe | 7f00 0041 
  0x000001c2f22ec380: ffd2 4883 | c420 410f | b65d 0049 | ba90 a929 | 20fe 7f00 | 0041 ff24 | daba 0000 | 0000 e805 
  0x000001c2f22ec3a0: 0000 00e9 | 9800 0000 | 488d 4424 | 084c 896d | c049 8bcf | c5f8 7749 | 89af a802 | 0000 4989 
  0x000001c2f22ec3c0: 8798 0200 | 0048 83ec | 20f7 c40f | 0000 000f | 841a 0000 | 0048 83ec | 0849 ba40 | 39a7 1ffe 
  0x000001c2f22ec3e0: 7f00 0041 | ffd2 4883 | c408 e90d | 0000 0049 | ba40 39a7 | 1ffe 7f00 | 0041 ffd2 | 4883 c420 
  0x000001c2f22ec400: 49c7 8798 | 0200 0000 | 0000 0049 | c787 a802 | 0000 0000 | 0000 49c7 | 87a0 0200 | 0000 0000 
  0x000001c2f22ec420: 00c5 f877 | 4981 7f08 | 0000 0000 | 0f84 0500 | 0000 e9c9 | 4aff ff4c | 8b6d c04c | 8b75 c8c3 
  0x000001c2f22ec440: 488b 5de8 | e9ae feff | ff0f 1f80 | 0000 0000 | 0000 0000 | 0000 0000 | 0000 0000 | 0000 0000 
[/MachCode]

---------------  P R O C E S S  ---------------

Threads class SMR info:
_java_thread_list=0x000001c2fe1e0610, length=13, elements={
0x000001c2ef6577c0, 0x000001c2f9bd7270, 0x000001c2f9bd8b50, 0x000001c2f9c00670,
0x000001c2f9c00f40, 0x000001c2f9c03820, 0x000001c2f9c040f0, 0x000001c2f9c04a70,
0x000001c2f9c05380, 0x000001c2fe1ffd40, 0x000001c2fe20a750, 0x000001c2fe20b410,
0x000001c2fe211d60
}

Java Threads: ( => current thread )
=>0x000001c2ef6577c0 JavaThread "main" [_thread_in_vm, id=11748, stack(0x00000090a2100000,0x00000090a2200000)]
  0x000001c2f9bd7270 JavaThread "Reference Handler" daemon [_thread_blocked, id=19932, stack(0x00000090a2800000,0x00000090a2900000)]
  0x000001c2f9bd8b50 JavaThread "Finalizer" daemon [_thread_blocked, id=10096, stack(0x00000090a2900000,0x00000090a2a00000)]
  0x000001c2f9c00670 JavaThread "Signal Dispatcher" daemon [_thread_blocked, id=24100, stack(0x00000090a2a00000,0x00000090a2b00000)]
  0x000001c2f9c00f40 JavaThread "Attach Listener" daemon [_thread_blocked, id=22692, stack(0x00000090a2b00000,0x00000090a2c00000)]
  0x000001c2f9c03820 JavaThread "Service Thread" daemon [_thread_blocked, id=8540, stack(0x00000090a2c00000,0x00000090a2d00000)]
  0x000001c2f9c040f0 JavaThread "Monitor Deflation Thread" daemon [_thread_blocked, id=9068, stack(0x00000090a2d00000,0x00000090a2e00000)]
  0x000001c2f9c04a70 JavaThread "C1 CompilerThread0" daemon [_thread_blocked, id=7764, stack(0x00000090a2e00000,0x00000090a2f00000)]
  0x000001c2f9c05380 JavaThread "Sweeper thread" daemon [_thread_blocked, id=2412, stack(0x00000090a2f00000,0x00000090a3000000)]
  0x000001c2fe1ffd40 JavaThread "C1 CompilerThread1" daemon [_thread_blocked, id=5108, stack(0x00000090a3000000,0x00000090a3100000)]
  0x000001c2fe20a750 JavaThread "C1 CompilerThread2" daemon [_thread_blocked, id=14744, stack(0x00000090a3100000,0x00000090a3200000)]
  0x000001c2fe20b410 JavaThread "Notification Thread" daemon [_thread_blocked, id=19716, stack(0x00000090a3200000,0x00000090a3300000)]
  0x000001c2fe211d60 JavaThread "Common-Cleaner" daemon [_thread_blocked, id=3672, stack(0x00000090a3400000,0x00000090a3500000)]

Other Threads:
  0x000001c2f9baad70 VMThread "VM Thread" [stack: 0x00000090a2700000,0x00000090a2800000] [id=1140]
  0x000001c2fe20f900 WatcherThread [stack: 0x00000090a3300000,0x00000090a3400000] [id=13332]
  0x000001c2ef695fd0 GCTaskThread "GC Thread#0" [stack: 0x00000090a2200000,0x00000090a2300000] [id=22900]
  0x000001c2fe894e80 GCTaskThread "GC Thread#1" [stack: 0x00000090a3500000,0x00000090a3600000] [id=17680]
  0x000001c2fe875b00 GCTaskThread "GC Thread#2" [stack: 0x00000090a3600000,0x00000090a3700000] [id=20424]
  0x000001c2fec91810 GCTaskThread "GC Thread#3" [stack: 0x00000090a3700000,0x00000090a3800000] [id=5224]
  0x000001c2ef69ee30 ConcurrentGCThread "G1 Main Marker" [stack: 0x00000090a2300000,0x00000090a2400000] [id=20004]
  0x000001c2ef69f760 ConcurrentGCThread "G1 Conc#0" [stack: 0x00000090a2400000,0x00000090a2500000] [id=17840]
  0x000001c2f9a300a0 ConcurrentGCThread "G1 Refine#0" [stack: 0x00000090a2500000,0x00000090a2600000] [id=23668]
  0x000001c2f9a32790 ConcurrentGCThread "G1 Service" [stack: 0x00000090a2600000,0x00000090a2700000] [id=18336]

Threads with active compile tasks:

VM state: not at safepoint (normal execution)

VM Mutex/Monitor currently owned by a thread:  ([mutex/lock_event])
[0x000001c2ed3e1220] Metaspace_lock - owner thread: 0x000001c2ef6577c0

OutOfMemory and StackOverflow Exception counts:
OutOfMemoryError java_heap_errors=1
LinkageErrors=7

Heap address: 0x00000000c0000000, size: 1024 MB, Compressed Oops mode: 32-bit

CDS archive(s) not mapped
Compressed class space mapped at: 0x0000000100000000-0x0000000140000000, reserved size: 1073741824
Narrow klass base: 0x0000000000000000, Narrow klass shift: 3, Narrow klass range: 0x140000000

GC Precious Log:
 CPUs: 4 total, 4 available
 Memory: 7991M
 Large Page Support: Disabled
 NUMA Support: Disabled
 Compressed Oops: Enabled (32-bit)
 Heap Region Size: 1M
 Heap Min Capacity: 8M
 Heap Initial Capacity: 126M
 Heap Max Capacity: 1G
 Pre-touch: Disabled
 Parallel Workers: 4
 Concurrent Workers: 1
 Concurrent Refinement Workers: 4
 Periodic GC: Disabled

Heap:
 garbage-first heap   total 129024K, used 23871K [0x00000000c0000000, 0x0000000100000000)
  region size 1024K, 11 young (11264K), 2 survivors (2048K)
 Metaspace       used 10864K, committed 11008K, reserved 1114112K
  class space    used 1294K, committed 1408K, reserved 1048576K

Heap Regions: E=young(eden), S=young(survivor), O=old, HS=humongous(starts), HC=humongous(continues), CS=collection set, F=free, OA=open archive, CA=closed archive, TAMS=top-at-mark-start (previous, next)
|   0|0x00000000c0000000, 0x00000000c0100000, 0x00000000c0100000|100%|HS|  |TAMS 0x00000000c0000000, 0x00000000c0000000| Complete 
|   1|0x00000000c0100000, 0x00000000c0200000, 0x00000000c0200000|100%|HC|  |TAMS 0x00000000c0100000, 0x00000000c0100000| Complete 
|   2|0x00000000c0200000, 0x00000000c0300000, 0x00000000c0300000|100%|HC|  |TAMS 0x00000000c0200000, 0x00000000c0200000| Complete 
|   3|0x00000000c0300000, 0x00000000c0400000, 0x00000000c0400000|100%|HC|  |TAMS 0x00000000c0300000, 0x00000000c0300000| Complete 
|   4|0x00000000c0400000, 0x00000000c0500000, 0x00000000c0500000|100%| O|  |TAMS 0x00000000c0400000, 0x00000000c0400000| Untracked 
|   5|0x00000000c0500000, 0x00000000c0600000, 0x00000000c0600000|100%| O|  |TAMS 0x00000000c0500000, 0x00000000c0500000| Untracked 
|   6|0x00000000c0600000, 0x00000000c0700000, 0x00000000c0700000|100%| O|  |TAMS 0x00000000c0600000, 0x00000000c0600000| Untracked 
|   7|0x00000000c0700000, 0x00000000c0800000, 0x00000000c0800000|100%| O|  |TAMS 0x00000000c0700000, 0x00000000c0700000| Untracked 
|   8|0x00000000c0800000, 0x00000000c0900000, 0x00000000c0900000|100%| O|  |TAMS 0x00000000c0800000, 0x00000000c0800000| Untracked 
|   9|0x00000000c0900000, 0x00000000c0a00000, 0x00000000c0a00000|100%| O|  |TAMS 0x00000000c0900000, 0x00000000c0900000| Untracked 
|  10|0x00000000c0a00000, 0x00000000c0b00000, 0x00000000c0b00000|100%|HS|  |TAMS 0x00000000c0a00000, 0x00000000c0a00000| Complete 
|  11|0x00000000c0b00000, 0x00000000c0c00000, 0x00000000c0c00000|100%|HC|  |TAMS 0x00000000c0b00000, 0x00000000c0b00000| Complete 
|  12|0x00000000c0c00000, 0x00000000c0d00000, 0x00000000c0d00000|100%| O|  |TAMS 0x00000000c0c00000, 0x00000000c0c00000| Untracked 
|  13|0x00000000c0d00000, 0x00000000c0d93600, 0x00000000c0e00000| 57%| O|  |TAMS 0x00000000c0d00000, 0x00000000c0d00000| Untracked 
|  14|0x00000000c0e00000, 0x00000000c0e00000, 0x00000000c0f00000|  0%| F|  |TAMS 0x00000000c0e00000, 0x00000000c0e00000| Untracked 
|  15|0x00000000c0f00000, 0x00000000c0f00000, 0x00000000c1000000|  0%| F|  |TAMS 0x00000000c0f00000, 0x00000000c0f00000| Untracked 
|  16|0x00000000c1000000, 0x00000000c1000000, 0x00000000c1100000|  0%| F|  |TAMS 0x00000000c1000000, 0x00000000c1000000| Untracked 
|  17|0x00000000c1100000, 0x00000000c1100000, 0x00000000c1200000|  0%| F|  |TAMS 0x00000000c1100000, 0x00000000c1100000| Untracked 
|  18|0x00000000c1200000, 0x00000000c1200000, 0x00000000c1300000|  0%| F|  |TAMS 0x00000000c1200000, 0x00000000c1200000| Untracked 
|  19|0x00000000c1300000, 0x00000000c1300000, 0x00000000c1400000|  0%| F|  |TAMS 0x00000000c1300000, 0x00000000c1300000| Untracked 
|  20|0x00000000c1400000, 0x00000000c1400000, 0x00000000c1500000|  0%| F|  |TAMS 0x00000000c1400000, 0x00000000c1400000| Untracked 
|  21|0x00000000c1500000, 0x00000000c1500000, 0x00000000c1600000|  0%| F|  |TAMS 0x00000000c1500000, 0x00000000c1500000| Untracked 
|  22|0x00000000c1600000, 0x00000000c1600000, 0x00000000c1700000|  0%| F|  |TAMS 0x00000000c1600000, 0x00000000c1600000| Untracked 
|  23|0x00000000c1700000, 0x00000000c1700000, 0x00000000c1800000|  0%| F|  |TAMS 0x00000000c1700000, 0x00000000c1700000| Untracked 
|  24|0x00000000c1800000, 0x00000000c1800000, 0x00000000c1900000|  0%| F|  |TAMS 0x00000000c1800000, 0x00000000c1800000| Untracked 
|  25|0x00000000c1900000, 0x00000000c1900000, 0x00000000c1a00000|  0%| F|  |TAMS 0x00000000c1900000, 0x00000000c1900000| Untracked 
|  26|0x00000000c1a00000, 0x00000000c1a00000, 0x00000000c1b00000|  0%| F|  |TAMS 0x00000000c1a00000, 0x00000000c1a00000| Untracked 
|  27|0x00000000c1b00000, 0x00000000c1b00000, 0x00000000c1c00000|  0%| F|  |TAMS 0x00000000c1b00000, 0x00000000c1b00000| Untracked 
|  28|0x00000000c1c00000, 0x00000000c1c00000, 0x00000000c1d00000|  0%| F|  |TAMS 0x00000000c1c00000, 0x00000000c1c00000| Untracked 
|  29|0x00000000c1d00000, 0x00000000c1d00000, 0x00000000c1e00000|  0%| F|  |TAMS 0x00000000c1d00000, 0x00000000c1d00000| Untracked 
|  30|0x00000000c1e00000, 0x00000000c1e00000, 0x00000000c1f00000|  0%| F|  |TAMS 0x00000000c1e00000, 0x00000000c1e00000| Untracked 
|  31|0x00000000c1f00000, 0x00000000c1f00000, 0x00000000c2000000|  0%| F|  |TAMS 0x00000000c1f00000, 0x00000000c1f00000| Untracked 
|  32|0x00000000c2000000, 0x00000000c2000000, 0x00000000c2100000|  0%| F|  |TAMS 0x00000000c2000000, 0x00000000c2000000| Untracked 
|  33|0x00000000c2100000, 0x00000000c2100000, 0x00000000c2200000|  0%| F|  |TAMS 0x00000000c2100000, 0x00000000c2100000| Untracked 
|  34|0x00000000c2200000, 0x00000000c2200000, 0x00000000c2300000|  0%| F|  |TAMS 0x00000000c2200000, 0x00000000c2200000| Untracked 
|  35|0x00000000c2300000, 0x00000000c2300000, 0x00000000c2400000|  0%| F|  |TAMS 0x00000000c2300000, 0x00000000c2300000| Untracked 
|  36|0x00000000c2400000, 0x00000000c2400000, 0x00000000c2500000|  0%| F|  |TAMS 0x00000000c2400000, 0x00000000c2400000| Untracked 
|  37|0x00000000c2500000, 0x00000000c2500000, 0x00000000c2600000|  0%| F|  |TAMS 0x00000000c2500000, 0x00000000c2500000| Untracked 
|  38|0x00000000c2600000, 0x00000000c2600000, 0x00000000c2700000|  0%| F|  |TAMS 0x00000000c2600000, 0x00000000c2600000| Untracked 
|  39|0x00000000c2700000, 0x00000000c2700000, 0x00000000c2800000|  0%| F|  |TAMS 0x00000000c2700000, 0x00000000c2700000| Untracked 
|  40|0x00000000c2800000, 0x00000000c2800000, 0x00000000c2900000|  0%| F|  |TAMS 0x00000000c2800000, 0x00000000c2800000| Untracked 
|  41|0x00000000c2900000, 0x00000000c2900000, 0x00000000c2a00000|  0%| F|  |TAMS 0x00000000c2900000, 0x00000000c2900000| Untracked 
|  42|0x00000000c2a00000, 0x00000000c2a00000, 0x00000000c2b00000|  0%| F|  |TAMS 0x00000000c2a00000, 0x00000000c2a00000| Untracked 
|  43|0x00000000c2b00000, 0x00000000c2b00000, 0x00000000c2c00000|  0%| F|  |TAMS 0x00000000c2b00000, 0x00000000c2b00000| Untracked 
|  44|0x00000000c2c00000, 0x00000000c2c00000, 0x00000000c2d00000|  0%| F|  |TAMS 0x00000000c2c00000, 0x00000000c2c00000| Untracked 
|  45|0x00000000c2d00000, 0x00000000c2d00000, 0x00000000c2e00000|  0%| F|  |TAMS 0x00000000c2d00000, 0x00000000c2d00000| Untracked 
|  46|0x00000000c2e00000, 0x00000000c2e00000, 0x00000000c2f00000|  0%| F|  |TAMS 0x00000000c2e00000, 0x00000000c2e00000| Untracked 
|  47|0x00000000c2f00000, 0x00000000c2f00000, 0x00000000c3000000|  0%| F|  |TAMS 0x00000000c2f00000, 0x00000000c2f00000| Untracked 
|  48|0x00000000c3000000, 0x00000000c3000000, 0x00000000c3100000|  0%| F|  |TAMS 0x00000000c3000000, 0x00000000c3000000| Untracked 
|  49|0x00000000c3100000, 0x00000000c3100000, 0x00000000c3200000|  0%| F|  |TAMS 0x00000000c3100000, 0x00000000c3100000| Untracked 
|  50|0x00000000c3200000, 0x00000000c3200000, 0x00000000c3300000|  0%| F|  |TAMS 0x00000000c3200000, 0x00000000c3200000| Untracked 
|  51|0x00000000c3300000, 0x00000000c3300000, 0x00000000c3400000|  0%| F|  |TAMS 0x00000000c3300000, 0x00000000c3300000| Untracked 
|  52|0x00000000c3400000, 0x00000000c3400000, 0x00000000c3500000|  0%| F|  |TAMS 0x00000000c3400000, 0x00000000c3400000| Untracked 
|  53|0x00000000c3500000, 0x00000000c3500000, 0x00000000c3600000|  0%| F|  |TAMS 0x00000000c3500000, 0x00000000c3500000| Untracked 
|  54|0x00000000c3600000, 0x00000000c3600000, 0x00000000c3700000|  0%| F|  |TAMS 0x00000000c3600000, 0x00000000c3600000| Untracked 
|  55|0x00000000c3700000, 0x00000000c3700000, 0x00000000c3800000|  0%| F|  |TAMS 0x00000000c3700000, 0x00000000c3700000| Untracked 
|  56|0x00000000c3800000, 0x00000000c3800000, 0x00000000c3900000|  0%| F|  |TAMS 0x00000000c3800000, 0x00000000c3800000| Untracked 
|  57|0x00000000c3900000, 0x00000000c3900000, 0x00000000c3a00000|  0%| F|  |TAMS 0x00000000c3900000, 0x00000000c3900000| Untracked 
|  58|0x00000000c3a00000, 0x00000000c3a00000, 0x00000000c3b00000|  0%| F|  |TAMS 0x00000000c3a00000, 0x00000000c3a00000| Untracked 
|  59|0x00000000c3b00000, 0x00000000c3b00000, 0x00000000c3c00000|  0%| F|  |TAMS 0x00000000c3b00000, 0x00000000c3b00000| Untracked 
|  60|0x00000000c3c00000, 0x00000000c3c00000, 0x00000000c3d00000|  0%| F|  |TAMS 0x00000000c3c00000, 0x00000000c3c00000| Untracked 
|  61|0x00000000c3d00000, 0x00000000c3d00000, 0x00000000c3e00000|  0%| F|  |TAMS 0x00000000c3d00000, 0x00000000c3d00000| Untracked 
|  62|0x00000000c3e00000, 0x00000000c3e00000, 0x00000000c3f00000|  0%| F|  |TAMS 0x00000000c3e00000, 0x00000000c3e00000| Untracked 
|  63|0x00000000c3f00000, 0x00000000c3f00000, 0x00000000c4000000|  0%| F|  |TAMS 0x00000000c3f00000, 0x00000000c3f00000| Untracked 
|  64|0x00000000c4000000, 0x00000000c4000000, 0x00000000c4100000|  0%| F|  |TAMS 0x00000000c4000000, 0x00000000c4000000| Untracked 
|  65|0x00000000c4100000, 0x00000000c4100000, 0x00000000c4200000|  0%| F|  |TAMS 0x00000000c4100000, 0x00000000c4100000| Untracked 
|  66|0x00000000c4200000, 0x00000000c4200000, 0x00000000c4300000|  0%| F|  |TAMS 0x00000000c4200000, 0x00000000c4200000| Untracked 
|  67|0x00000000c4300000, 0x00000000c4300000, 0x00000000c4400000|  0%| F|  |TAMS 0x00000000c4300000, 0x00000000c4300000| Untracked 
|  68|0x00000000c4400000, 0x00000000c4400000, 0x00000000c4500000|  0%| F|  |TAMS 0x00000000c4400000, 0x00000000c4400000| Untracked 
|  69|0x00000000c4500000, 0x00000000c4500000, 0x00000000c4600000|  0%| F|  |TAMS 0x00000000c4500000, 0x00000000c4500000| Untracked 
|  70|0x00000000c4600000, 0x00000000c4600000, 0x00000000c4700000|  0%| F|  |TAMS 0x00000000c4600000, 0x00000000c4600000| Untracked 
|  71|0x00000000c4700000, 0x00000000c4700000, 0x00000000c4800000|  0%| F|  |TAMS 0x00000000c4700000, 0x00000000c4700000| Untracked 
|  72|0x00000000c4800000, 0x00000000c4800000, 0x00000000c4900000|  0%| F|  |TAMS 0x00000000c4800000, 0x00000000c4800000| Untracked 
|  73|0x00000000c4900000, 0x00000000c4900000, 0x00000000c4a00000|  0%| F|  |TAMS 0x00000000c4900000, 0x00000000c4900000| Untracked 
|  74|0x00000000c4a00000, 0x00000000c4a00000, 0x00000000c4b00000|  0%| F|  |TAMS 0x00000000c4a00000, 0x00000000c4a00000| Untracked 
|  75|0x00000000c4b00000, 0x00000000c4b00000, 0x00000000c4c00000|  0%| F|  |TAMS 0x00000000c4b00000, 0x00000000c4b00000| Untracked 
|  76|0x00000000c4c00000, 0x00000000c4c00000, 0x00000000c4d00000|  0%| F|  |TAMS 0x00000000c4c00000, 0x00000000c4c00000| Untracked 
|  77|0x00000000c4d00000, 0x00000000c4d00000, 0x00000000c4e00000|  0%| F|  |TAMS 0x00000000c4d00000, 0x00000000c4d00000| Untracked 
|  78|0x00000000c4e00000, 0x00000000c4e00000, 0x00000000c4f00000|  0%| F|  |TAMS 0x00000000c4e00000, 0x00000000c4e00000| Untracked 
|  79|0x00000000c4f00000, 0x00000000c4f00000, 0x00000000c5000000|  0%| F|  |TAMS 0x00000000c4f00000, 0x00000000c4f00000| Untracked 
|  80|0x00000000c5000000, 0x00000000c5000000, 0x00000000c5100000|  0%| F|  |TAMS 0x00000000c5000000, 0x00000000c5000000| Untracked 
|  81|0x00000000c5100000, 0x00000000c5100000, 0x00000000c5200000|  0%| F|  |TAMS 0x00000000c5100000, 0x00000000c5100000| Untracked 
|  82|0x00000000c5200000, 0x00000000c5200000, 0x00000000c5300000|  0%| F|  |TAMS 0x00000000c5200000, 0x00000000c5200000| Untracked 
|  83|0x00000000c5300000, 0x00000000c5300000, 0x00000000c5400000|  0%| F|  |TAMS 0x00000000c5300000, 0x00000000c5300000| Untracked 
|  84|0x00000000c5400000, 0x00000000c5400000, 0x00000000c5500000|  0%| F|  |TAMS 0x00000000c5400000, 0x00000000c5400000| Untracked 
|  85|0x00000000c5500000, 0x00000000c5500000, 0x00000000c5600000|  0%| F|  |TAMS 0x00000000c5500000, 0x00000000c5500000| Untracked 
|  86|0x00000000c5600000, 0x00000000c5600000, 0x00000000c5700000|  0%| F|  |TAMS 0x00000000c5600000, 0x00000000c5600000| Untracked 
|  87|0x00000000c5700000, 0x00000000c5700000, 0x00000000c5800000|  0%| F|  |TAMS 0x00000000c5700000, 0x00000000c5700000| Untracked 
|  88|0x00000000c5800000, 0x00000000c5800000, 0x00000000c5900000|  0%| F|  |TAMS 0x00000000c5800000, 0x00000000c5800000| Untracked 
|  89|0x00000000c5900000, 0x00000000c5900000, 0x00000000c5a00000|  0%| F|  |TAMS 0x00000000c5900000, 0x00000000c5900000| Untracked 
|  90|0x00000000c5a00000, 0x00000000c5a00000, 0x00000000c5b00000|  0%| F|  |TAMS 0x00000000c5a00000, 0x00000000c5a00000| Untracked 
|  91|0x00000000c5b00000, 0x00000000c5b00000, 0x00000000c5c00000|  0%| F|  |TAMS 0x00000000c5b00000, 0x00000000c5b00000| Untracked 
|  92|0x00000000c5c00000, 0x00000000c5c00000, 0x00000000c5d00000|  0%| F|  |TAMS 0x00000000c5c00000, 0x00000000c5c00000| Untracked 
|  93|0x00000000c5d00000, 0x00000000c5d00000, 0x00000000c5e00000|  0%| F|  |TAMS 0x00000000c5d00000, 0x00000000c5d00000| Untracked 
|  94|0x00000000c5e00000, 0x00000000c5e00000, 0x00000000c5f00000|  0%| F|  |TAMS 0x00000000c5e00000, 0x00000000c5e00000| Untracked 
|  95|0x00000000c5f00000, 0x00000000c5f00000, 0x00000000c6000000|  0%| F|  |TAMS 0x00000000c5f00000, 0x00000000c5f00000| Untracked 
|  96|0x00000000c6000000, 0x00000000c6000000, 0x00000000c6100000|  0%| F|  |TAMS 0x00000000c6000000, 0x00000000c6000000| Untracked 
|  97|0x00000000c6100000, 0x00000000c6100000, 0x00000000c6200000|  0%| F|  |TAMS 0x00000000c6100000, 0x00000000c6100000| Untracked 
|  98|0x00000000c6200000, 0x00000000c6200000, 0x00000000c6300000|  0%| F|  |TAMS 0x00000000c6200000, 0x00000000c6200000| Untracked 
|  99|0x00000000c6300000, 0x00000000c6300000, 0x00000000c6400000|  0%| F|  |TAMS 0x00000000c6300000, 0x00000000c6300000| Untracked 
| 100|0x00000000c6400000, 0x00000000c6400000, 0x00000000c6500000|  0%| F|  |TAMS 0x00000000c6400000, 0x00000000c6400000| Untracked 
| 101|0x00000000c6500000, 0x00000000c6500000, 0x00000000c6600000|  0%| F|  |TAMS 0x00000000c6500000, 0x00000000c6500000| Untracked 
| 102|0x00000000c6600000, 0x00000000c6600000, 0x00000000c6700000|  0%| F|  |TAMS 0x00000000c6600000, 0x00000000c6600000| Untracked 
| 103|0x00000000c6700000, 0x00000000c6700000, 0x00000000c6800000|  0%| F|  |TAMS 0x00000000c6700000, 0x00000000c6700000| Untracked 
| 104|0x00000000c6800000, 0x00000000c6800000, 0x00000000c6900000|  0%| F|  |TAMS 0x00000000c6800000, 0x00000000c6800000| Untracked 
| 105|0x00000000c6900000, 0x00000000c6900000, 0x00000000c6a00000|  0%| F|  |TAMS 0x00000000c6900000, 0x00000000c6900000| Untracked 
| 106|0x00000000c6a00000, 0x00000000c6a00000, 0x00000000c6b00000|  0%| F|  |TAMS 0x00000000c6a00000, 0x00000000c6a00000| Untracked 
| 107|0x00000000c6b00000, 0x00000000c6b00000, 0x00000000c6c00000|  0%| F|  |TAMS 0x00000000c6b00000, 0x00000000c6b00000| Untracked 
| 108|0x00000000c6c00000, 0x00000000c6c00000, 0x00000000c6d00000|  0%| F|  |TAMS 0x00000000c6c00000, 0x00000000c6c00000| Untracked 
| 109|0x00000000c6d00000, 0x00000000c6d00000, 0x00000000c6e00000|  0%| F|  |TAMS 0x00000000c6d00000, 0x00000000c6d00000| Untracked 
| 110|0x00000000c6e00000, 0x00000000c6e00000, 0x00000000c6f00000|  0%| F|  |TAMS 0x00000000c6e00000, 0x00000000c6e00000| Untracked 
| 111|0x00000000c6f00000, 0x00000000c6f00000, 0x00000000c7000000|  0%| F|  |TAMS 0x00000000c6f00000, 0x00000000c6f00000| Untracked 
| 112|0x00000000c7000000, 0x00000000c7000000, 0x00000000c7100000|  0%| F|  |TAMS 0x00000000c7000000, 0x00000000c7000000| Untracked 
| 113|0x00000000c7100000, 0x00000000c7100000, 0x00000000c7200000|  0%| F|  |TAMS 0x00000000c7100000, 0x00000000c7100000| Untracked 
| 114|0x00000000c7200000, 0x00000000c7200000, 0x00000000c7300000|  0%| F|  |TAMS 0x00000000c7200000, 0x00000000c7200000| Untracked 
| 115|0x00000000c7300000, 0x00000000c73bc7a0, 0x00000000c7400000| 73%| S|CS|TAMS 0x00000000c7300000, 0x00000000c7300000| Complete 
| 116|0x00000000c7400000, 0x00000000c7500000, 0x00000000c7500000|100%| S|CS|TAMS 0x00000000c7400000, 0x00000000c7400000| Complete 
| 117|0x00000000c7500000, 0x00000000c75f9398, 0x00000000c7600000| 97%| E|  |TAMS 0x00000000c7500000, 0x00000000c7500000| Complete 
| 118|0x00000000c7600000, 0x00000000c7700000, 0x00000000c7700000|100%| E|CS|TAMS 0x00000000c7600000, 0x00000000c7600000| Complete 
| 119|0x00000000c7700000, 0x00000000c7800000, 0x00000000c7800000|100%| E|CS|TAMS 0x00000000c7700000, 0x00000000c7700000| Complete 
| 120|0x00000000c7800000, 0x00000000c7900000, 0x00000000c7900000|100%| E|CS|TAMS 0x00000000c7800000, 0x00000000c7800000| Complete 
| 121|0x00000000c7900000, 0x00000000c7a00000, 0x00000000c7a00000|100%| E|CS|TAMS 0x00000000c7900000, 0x00000000c7900000| Complete 
| 122|0x00000000c7a00000, 0x00000000c7b00000, 0x00000000c7b00000|100%| E|CS|TAMS 0x00000000c7a00000, 0x00000000c7a00000| Complete 
| 123|0x00000000c7b00000, 0x00000000c7c00000, 0x00000000c7c00000|100%| E|CS|TAMS 0x00000000c7b00000, 0x00000000c7b00000| Complete 
| 124|0x00000000c7c00000, 0x00000000c7d00000, 0x00000000c7d00000|100%| E|CS|TAMS 0x00000000c7c00000, 0x00000000c7c00000| Complete 
| 125|0x00000000c7d00000, 0x00000000c7e00000, 0x00000000c7e00000|100%| E|CS|TAMS 0x00000000c7d00000, 0x00000000c7d00000| Complete 

Card table byte_map: [0x000001c2f52e0000,0x000001c2f54e0000] _byte_map_base: 0x000001c2f4ce0000

Marking Bits (Prev, Next): (CMBitMap*) 0x000001c2ef696500, (CMBitMap*) 0x000001c2ef696540
 Prev Bits: [0x000001c2f56e0000, 0x000001c2f66e0000)
 Next Bits: [0x000001c2f66e0000, 0x000001c2f76e0000)

Polling page: 0x000001c2ed5c0000

Metaspace:

Usage:
  Non-class:      9.35 MB used.
      Class:      1.26 MB used.
       Both:     10.61 MB used.

Virtual space:
  Non-class space:       64.00 MB reserved,       9.38 MB ( 15%) committed,  1 nodes.
      Class space:        1.00 GB reserved,       1.38 MB ( <1%) committed,  1 nodes.
             Both:        1.06 GB reserved,      10.75 MB ( <1%) committed. 

Chunk freelists:
   Non-Class:  6.00 MB
       Class:  14.53 MB
        Both:  20.53 MB

MaxMetaspaceSize: unlimited
CompressedClassSpaceSize: 1.00 GB
Initial GC threshold: 21.00 MB
Current GC threshold: 21.00 MB
CDS: off
MetaspaceReclaimPolicy: balanced
 - commit_granule_bytes: 65536.
 - commit_granule_words: 8192.
 - virtual_space_node_default_size: 8388608.
 - enlarge_chunks_in_place: 1.
 - new_chunks_are_fully_committed: 0.
 - uncommit_free_chunks: 1.
 - use_allocation_guard: 0.
 - handle_deallocations: 1.


Internal statistics:

num_allocs_failed_limit: 0.
num_arena_births: 92.
num_arena_deaths: 0.
num_vsnodes_births: 2.
num_vsnodes_deaths: 0.
num_space_committed: 172.
num_space_uncommitted: 0.
num_chunks_returned_to_freelist: 0.
num_chunks_taken_from_freelist: 231.
num_chunk_merges: 0.
num_chunk_splits: 159.
num_chunks_enlarged: 130.
num_inconsistent_stats: 0.

CodeCache: size=49152Kb used=3730Kb max_used=3730Kb free=45421Kb
 bounds [0x000001c2f22e0000, 0x000001c2f2690000, 0x000001c2f52e0000]
 total_blobs=1395 nmethods=980 adapters=341
 compilation: enabled
              stopped_count=0, restarted_count=0
 full_count=0

Compilation events (20 events):
Event: 1.811 Thread 0x000001c2f9c04a70  967       1       java.lang.String::checkIndex (48 bytes)
Event: 1.811 Thread 0x000001c2f9c04a70 nmethod 967 0x000001c2f267df10 code [0x000001c2f267e120, 0x000001c2f267e4d8]
Event: 1.811 Thread 0x000001c2f9c04a70  968       1       java.lang.String::codePointAt (50 bytes)
Event: 1.812 Thread 0x000001c2fe1ffd40 nmethod 964 0x000001c2f267e710 code [0x000001c2f267e960, 0x000001c2f267f558]
Event: 1.812 Thread 0x000001c2f9c04a70 nmethod 968 0x000001c2f267fa90 code [0x000001c2f267fc40, 0x000001c2f267fe28]
Event: 1.812 Thread 0x000001c2fe20a750 nmethod 966 0x000001c2f2680290 code [0x000001c2f2680560, 0x000001c2f2680ea8]
Event: 1.812 Thread 0x000001c2fe20a750  970       1       java.lang.invoke.MemberName::<init> (47 bytes)
Event: 1.812 Thread 0x000001c2fe20a750 nmethod 970 0x000001c2f2681c10 code [0x000001c2f2681dc0, 0x000001c2f2681f78]
Event: 1.812 Thread 0x000001c2fe20a750  974       1       java.util.regex.Pattern::has (15 bytes)
Event: 1.812 Thread 0x000001c2fe20a750 nmethod 974 0x000001c2f2682090 code [0x000001c2f2682220, 0x000001c2f26822f8]
Event: 1.832 Thread 0x000001c2fe1ffd40  975       1       java.util.LinkedHashMap::get (29 bytes)
Event: 1.832 Thread 0x000001c2fe1ffd40 nmethod 975 0x000001c2f2682390 code [0x000001c2f2682540, 0x000001c2f2682698]
Event: 1.834 Thread 0x000001c2fe1ffd40  976       1       java.lang.Integer::numberOfLeadingZeros (79 bytes)
Event: 1.835 Thread 0x000001c2fe1ffd40 nmethod 976 0x000001c2f2682790 code [0x000001c2f2682920, 0x000001c2f2682a58]
Event: 1.841 Thread 0x000001c2fe1ffd40  977       1       java.util.concurrent.CopyOnWriteArrayList::setArray (6 bytes)
Event: 1.841 Thread 0x000001c2fe1ffd40 nmethod 977 0x000001c2f2682b10 code [0x000001c2f2682ca0, 0x000001c2f2682db8]
Event: 1.863 Thread 0x000001c2fe20a750  978       1       java.lang.invoke.MethodHandles$Lookup::checkSecurityManager (97 bytes)
Event: 1.864 Thread 0x000001c2fe1ffd40  979       1       java.lang.invoke.DirectMethodHandle::<init> (148 bytes)
Event: 1.864 Thread 0x000001c2fe20a750 nmethod 978 0x000001c2f2683110 code [0x000001c2f2683340, 0x000001c2f2683898]
Event: 1.865 Thread 0x000001c2fe1ffd40 nmethod 979 0x000001c2f2683e90 code [0x000001c2f2684080, 0x000001c2f2684588]

GC Heap History (4 events):
Event: 1.109 GC heap before
{Heap before GC invocations=0 (full 0):
 garbage-first heap   total 129024K, used 16384K [0x00000000c0000000, 0x0000000100000000)
  region size 1024K, 13 young (13312K), 0 survivors (0K)
 Metaspace       used 5777K, committed 5888K, reserved 1114112K
  class space    used 556K, committed 640K, reserved 1048576K
}
Event: 1.116 GC heap after
{Heap after GC invocations=1 (full 0):
 garbage-first heap   total 129024K, used 11742K [0x00000000c0000000, 0x0000000100000000)
  region size 1024K, 2 young (2048K), 2 survivors (2048K)
 Metaspace       used 5777K, committed 5888K, reserved 1114112K
  class space    used 556K, committed 640K, reserved 1048576K
}
Event: 1.624 GC heap before
{Heap before GC invocations=1 (full 0):
 garbage-first heap   total 129024K, used 23006K [0x00000000c0000000, 0x0000000100000000)
  region size 1024K, 11 young (11264K), 2 survivors (2048K)
 Metaspace       used 7986K, committed 8128K, reserved 1114112K
  class space    used 879K, committed 960K, reserved 1048576K
}
Event: 1.627 GC heap after
{Heap after GC invocations=2 (full 0):
 garbage-first heap   total 129024K, used 15679K [0x00000000c0000000, 0x0000000100000000)
  region size 1024K, 2 young (2048K), 2 survivors (2048K)
 Metaspace       used 7986K, committed 8128K, reserved 1114112K
  class space    used 879K, committed 960K, reserved 1048576K
}

Dll operation events (5 events):
Event: 0.019 Loaded shared library c:\Users\abhij\.vscode\extensions\redhat.java-1.28.1-win32-x64\jre\17.0.10-win32-x86_64\bin\java.dll
Event: 0.452 Loaded shared library C:\Users\abhij\.vscode\extensions\redhat.java-1.28.1-win32-x64\jre\17.0.10-win32-x86_64\bin\net.dll
Event: 0.458 Loaded shared library C:\Users\abhij\.vscode\extensions\redhat.java-1.28.1-win32-x64\jre\17.0.10-win32-x86_64\bin\nio.dll
Event: 0.470 Loaded shared library C:\Users\abhij\.vscode\extensions\redhat.java-1.28.1-win32-x64\jre\17.0.10-win32-x86_64\bin\zip.dll
Event: 1.071 Loaded shared library C:\Users\abhij\.vscode\extensions\redhat.java-1.28.1-win32-x64\jre\17.0.10-win32-x86_64\bin\jimage.dll

Deoptimization events (0 events):
No events

Classes unloaded (0 events):
No events

Classes redefined (0 events):
No events

Internal exceptions (10 events):
Event: 1.335 Thread 0x000001c2ef6577c0 Exception <a 'java/lang/ClassNotFoundException'{0x00000000c7b680a0}: javax/smartcardio/CardPermission> (0x00000000c7b680a0) 
thrown [s\src\hotspot\share\classfile\systemDictionary.cpp, line 256]
Event: 1.357 Thread 0x000001c2ef6577c0 Exception <a 'java/io/FileNotFoundException'{0x00000000c7b765f0}> (0x00000000c7b765f0) 
thrown [s\src\hotspot\share\prims\jni.cpp, line 516]
Event: 1.428 Thread 0x000001c2ef6577c0 Exception <a 'java/lang/NoSuchMethodError'{0x00000000c7a084a8}: 'java.lang.Object java.lang.invoke.DirectMethodHandle$Holder.invokeSpecial(java.lang.Object, java.lang.Object, java.lang.Object, long, java.lang.Object)'> (0x00000000c7a084a8) 
thrown [s\src\hotspot\share\interpreter\linkResolver.cpp, line 759]
Event: 1.429 Thread 0x000001c2ef6577c0 Exception <a 'java/lang/NoSuchMethodError'{0x00000000c7a0c148}: 'java.lang.Object java.lang.invoke.Invokers$Holder.linkToTargetMethod(java.lang.Object, long, java.lang.Object, java.lang.Object)'> (0x00000000c7a0c148) 
thrown [s\src\hotspot\share\interpreter\linkResolver.cpp, line 759]
Event: 1.481 Thread 0x000001c2ef6577c0 Exception <a 'java/lang/NoSuchMethodError'{0x00000000c7aebac0}: 'void java.lang.invoke.DirectMethodHandle$Holder.invokeStatic(java.lang.Object, java.lang.Object, java.lang.Object)'> (0x00000000c7aebac0) 
thrown [s\src\hotspot\share\interpreter\linkResolver.cpp, line 759]
Event: 1.640 Thread 0x000001c2ef6577c0 Exception <a 'java/lang/NoSuchMethodError'{0x00000000c7d805a8}: 'void java.lang.invoke.DirectMethodHandle$Holder.invokeSpecialIFC(java.lang.Object, java.lang.Object, java.lang.Object, java.lang.Object, java.lang.Object)'> (0x00000000c7d805a8) 
thrown [s\src\hotspot\share\interpreter\linkResolver.cpp, line 759]
Event: 1.641 Thread 0x000001c2ef6577c0 Exception <a 'java/lang/NoSuchMethodError'{0x00000000c7d88980}: 'void java.lang.invoke.DirectMethodHandle$Holder.invokeStatic(java.lang.Object, java.lang.Object, java.lang.Object, java.lang.Object)'> (0x00000000c7d88980) 
thrown [s\src\hotspot\share\interpreter\linkResolver.cpp, line 759]
Event: 1.642 Thread 0x000001c2ef6577c0 Exception <a 'java/lang/NoSuchMethodError'{0x00000000c7d93c98}: 'int java.lang.invoke.DirectMethodHandle$Holder.invokeSpecial(java.lang.Object, java.lang.Object, java.lang.Object)'> (0x00000000c7d93c98) 
thrown [s\src\hotspot\share\interpreter\linkResolver.cpp, line 759]
Event: 1.664 Thread 0x000001c2ef6577c0 Exception <a 'java/lang/NoSuchMethodError'{0x00000000c7cb44d8}: 'java.lang.Object java.lang.invoke.DirectMethodHandle$Holder.invokeStaticInit(java.lang.Object, java.lang.Object, java.lang.Object)'> (0x00000000c7cb44d8) 
thrown [s\src\hotspot\share\interpreter\linkResolver.cpp, line 759]
Event: 1.865 Thread 0x000001c2ef6577c0 Exception <a 'java/lang/OutOfMemoryError'{0x00000000c75dc4a0}> (0x00000000c75dc4a0) 
thrown [s\src\hotspot\share\prims\jni.cpp, line 535]

VM Operations (18 events):
Event: 0.472 Executing VM operation: HandshakeAllThreads
Event: 0.472 Executing VM operation: HandshakeAllThreads done
Event: 1.062 Executing VM operation: HandshakeAllThreads
Event: 1.062 Executing VM operation: HandshakeAllThreads done
Event: 1.108 Executing VM operation: G1CollectForAllocation
Event: 1.116 Executing VM operation: G1CollectForAllocation done
Event: 1.251 Executing VM operation: HandshakeAllThreads
Event: 1.251 Executing VM operation: HandshakeAllThreads done
Event: 1.290 Executing VM operation: HandshakeAllThreads
Event: 1.290 Executing VM operation: HandshakeAllThreads done
Event: 1.624 Executing VM operation: G1CollectForAllocation
Event: 1.627 Executing VM operation: G1CollectForAllocation done
Event: 1.769 Executing VM operation: HandshakeAllThreads
Event: 1.769 Executing VM operation: HandshakeAllThreads done
Event: 1.782 Executing VM operation: HandshakeAllThreads
Event: 1.782 Executing VM operation: HandshakeAllThreads done
Event: 1.852 Executing VM operation: HandshakeAllThreads
Event: 1.852 Executing VM operation: HandshakeAllThreads done

Events (20 events):
Event: 1.840 loading class java/util/concurrent/TimeoutException
Event: 1.841 loading class java/util/concurrent/TimeoutException done
Event: 1.850 loading class java/lang/IllegalAccessError
Event: 1.850 loading class java/lang/IllegalAccessError done
Event: 1.856 loading class java/util/IdentityHashMap$EntrySet
Event: 1.857 loading class java/util/IdentityHashMap$EntrySet done
Event: 1.857 loading class java/util/IdentityHashMap$EntryIterator
Event: 1.857 loading class java/util/IdentityHashMap$IdentityHashMapIterator
Event: 1.857 loading class java/util/IdentityHashMap$IdentityHashMapIterator done
Event: 1.857 loading class java/util/IdentityHashMap$EntryIterator done
Event: 1.857 loading class java/util/IdentityHashMap$EntryIterator$Entry
Event: 1.857 loading class java/util/IdentityHashMap$EntryIterator$Entry done
Event: 1.857 loading class java/util/IdentityHashMap$Values
Event: 1.857 loading class java/util/IdentityHashMap$Values done
Event: 1.857 loading class java/util/IdentityHashMap$ValueIterator
Event: 1.857 loading class java/util/IdentityHashMap$ValueIterator done
Event: 1.865 loading class java/lang/Throwable$WrappedPrintStream
Event: 1.865 loading class java/lang/Throwable$PrintStreamOrWriter
Event: 1.865 loading class java/lang/Throwable$PrintStreamOrWriter done
Event: 1.865 loading class java/lang/Throwable$WrappedPrintStream done


Dynamic libraries:
0x00007ff7a2410000 - 0x00007ff7a241e000 	c:\Users\abhij\.vscode\extensions\redhat.java-1.28.1-win32-x64\jre\17.0.10-win32-x86_64\bin\java.exe
0x00007ffe8c050000 - 0x00007ffe8c267000 	C:\WINDOWS\SYSTEM32\ntdll.dll
0x00007ffe8bb60000 - 0x00007ffe8bc24000 	C:\WINDOWS\System32\KERNEL32.DLL
0x00007ffe898d0000 - 0x00007ffe89c76000 	C:\WINDOWS\System32\KERNELBASE.dll
0x00007ffe89c80000 - 0x00007ffe89d91000 	C:\WINDOWS\System32\ucrtbase.dll
0x00007ffe7d2e0000 - 0x00007ffe7d2f7000 	c:\Users\abhij\.vscode\extensions\redhat.java-1.28.1-win32-x64\jre\17.0.10-win32-x86_64\bin\jli.dll
0x00007ffe8ae60000 - 0x00007ffe8b00e000 	C:\WINDOWS\System32\USER32.dll
0x00007ffe898a0000 - 0x00007ffe898c6000 	C:\WINDOWS\System32\win32u.dll
0x00007ffe8bb30000 - 0x00007ffe8bb59000 	C:\WINDOWS\System32\GDI32.dll
0x00007ffe89410000 - 0x00007ffe89528000 	C:\WINDOWS\System32\gdi32full.dll
0x00007ffe75850000 - 0x00007ffe7586b000 	c:\Users\abhij\.vscode\extensions\redhat.java-1.28.1-win32-x64\jre\17.0.10-win32-x86_64\bin\VCRUNTIME140.dll
0x00007ffe89800000 - 0x00007ffe8989a000 	C:\WINDOWS\System32\msvcp_win.dll
0x00007ffe6ce30000 - 0x00007ffe6d0c3000 	C:\WINDOWS\WinSxS\amd64_microsoft.windows.common-controls_6595b64144ccf1df_6.0.22621.2506_none_270c5ae97388e100\COMCTL32.dll
0x00007ffe8a600000 - 0x00007ffe8a6a7000 	C:\WINDOWS\System32\msvcrt.dll
0x00007ffe8b8d0000 - 0x00007ffe8b901000 	C:\WINDOWS\System32\IMM32.DLL
0x00007ffe7fcb0000 - 0x00007ffe7fcbc000 	c:\Users\abhij\.vscode\extensions\redhat.java-1.28.1-win32-x64\jre\17.0.10-win32-x86_64\bin\vcruntime140_1.dll
0x00007ffe56fc0000 - 0x00007ffe5704d000 	c:\Users\abhij\.vscode\extensions\redhat.java-1.28.1-win32-x64\jre\17.0.10-win32-x86_64\bin\msvcp140.dll
0x00007ffe1f6f0000 - 0x00007ffe20352000 	c:\Users\abhij\.vscode\extensions\redhat.java-1.28.1-win32-x64\jre\17.0.10-win32-x86_64\bin\server\jvm.dll
0x00007ffe8bde0000 - 0x00007ffe8be93000 	C:\WINDOWS\System32\ADVAPI32.dll
0x00007ffe8ba80000 - 0x00007ffe8bb28000 	C:\WINDOWS\System32\sechost.dll
0x00007ffe89760000 - 0x00007ffe89788000 	C:\WINDOWS\System32\bcrypt.dll
0x00007ffe8bea0000 - 0x00007ffe8bfb7000 	C:\WINDOWS\System32\RPCRT4.dll
0x00007ffe88c60000 - 0x00007ffe88cad000 	C:\WINDOWS\SYSTEM32\POWRPROF.dll
0x00007ffe548e0000 - 0x00007ffe548e9000 	C:\WINDOWS\SYSTEM32\WSOCK32.dll
0x00007ffe8a870000 - 0x00007ffe8a8e1000 	C:\WINDOWS\System32\WS2_32.dll
0x00007ffe7a730000 - 0x00007ffe7a764000 	C:\WINDOWS\SYSTEM32\WINMM.dll
0x00007ffe7d770000 - 0x00007ffe7d77a000 	C:\WINDOWS\SYSTEM32\VERSION.dll
0x00007ffe88c40000 - 0x00007ffe88c53000 	C:\WINDOWS\SYSTEM32\UMPDC.dll
0x00007ffe883d0000 - 0x00007ffe883e8000 	C:\WINDOWS\SYSTEM32\kernel.appcore.dll
0x00007ffe7e830000 - 0x00007ffe7e83a000 	c:\Users\abhij\.vscode\extensions\redhat.java-1.28.1-win32-x64\jre\17.0.10-win32-x86_64\bin\jimage.dll
0x00007ffe86bc0000 - 0x00007ffe86df3000 	C:\WINDOWS\SYSTEM32\DBGHELP.DLL
0x00007ffe8b010000 - 0x00007ffe8b399000 	C:\WINDOWS\System32\combase.dll
0x00007ffe8b920000 - 0x00007ffe8b9f7000 	C:\WINDOWS\System32\OLEAUT32.dll
0x00007ffe55910000 - 0x00007ffe55942000 	C:\WINDOWS\SYSTEM32\dbgcore.DLL
0x00007ffe89390000 - 0x00007ffe8940a000 	C:\WINDOWS\System32\bcryptPrimitives.dll
0x00007ffe69070000 - 0x00007ffe69095000 	c:\Users\abhij\.vscode\extensions\redhat.java-1.28.1-win32-x64\jre\17.0.10-win32-x86_64\bin\java.dll
0x00007ffe700f0000 - 0x00007ffe70108000 	c:\Users\abhij\.vscode\extensions\redhat.java-1.28.1-win32-x64\jre\17.0.10-win32-x86_64\bin\zip.dll
0x00007ffe89da0000 - 0x00007ffe8a5fb000 	C:\WINDOWS\System32\SHELL32.dll
0x00007ffe872b0000 - 0x00007ffe87ba6000 	C:\WINDOWS\SYSTEM32\windows.storage.dll
0x00007ffe87170000 - 0x00007ffe872ae000 	C:\WINDOWS\SYSTEM32\wintypes.dll
0x00007ffe8bc50000 - 0x00007ffe8bd43000 	C:\WINDOWS\System32\SHCORE.dll
0x00007ffe8ad90000 - 0x00007ffe8adee000 	C:\WINDOWS\System32\shlwapi.dll
0x00007ffe892c0000 - 0x00007ffe892e6000 	C:\WINDOWS\SYSTEM32\profapi.dll
0x00007ffe7aa50000 - 0x00007ffe7aa69000 	C:\Users\abhij\.vscode\extensions\redhat.java-1.28.1-win32-x64\jre\17.0.10-win32-x86_64\bin\net.dll
0x00007ffe80dc0000 - 0x00007ffe80ef7000 	C:\WINDOWS\SYSTEM32\WINHTTP.dll
0x00007ffe888c0000 - 0x00007ffe88929000 	C:\WINDOWS\system32\mswsock.dll
0x00007ffe75830000 - 0x00007ffe75846000 	C:\Users\abhij\.vscode\extensions\redhat.java-1.28.1-win32-x64\jre\17.0.10-win32-x86_64\bin\nio.dll

dbghelp: loaded successfully - version: 4.0.5 - missing functions: none
symbol engine: initialized successfully - sym options: 0x614 - pdb path: .;c:\Users\abhij\.vscode\extensions\redhat.java-1.28.1-win32-x64\jre\17.0.10-win32-x86_64\bin;C:\WINDOWS\SYSTEM32;C:\WINDOWS\WinSxS\amd64_microsoft.windows.common-controls_6595b64144ccf1df_6.0.22621.2506_none_270c5ae97388e100;c:\Users\abhij\.vscode\extensions\redhat.java-1.28.1-win32-x64\jre\17.0.10-win32-x86_64\bin\server

VM Arguments:
jvm_args: -XX:+HeapDumpOnOutOfMemoryError -Xmx1024m -Dsts.lsp.client=vscode -Dsts.log.file=/dev/null -XX:TieredStopAtLevel=1 -Xlog:jni+resolve=off -Dspring.config.location=file:c:\Users\abhij\.vscode\extensions\vmware.vscode-spring-boot-1.52.0\language-server\BOOT-INF\classes\application.properties 
java_command: org.springframework.ide.vscode.boot.app.BootLanguageServerBootApp
java_class_path (initial): c:\Users\abhij\.vscode\extensions\vmware.vscode-spring-boot-1.52.0\language-server\BOOT-INF\classes;c:\Users\abhij\.vscode\extensions\vmware.vscode-spring-boot-1.52.0\language-server\BOOT-INF\lib\annotations-24.1.0.jar;c:\Users\abhij\.vscode\extensions\vmware.vscode-spring-boot-1.52.0\language-server\BOOT-INF\lib\antlr4-runtime-4.11.1.jar;c:\Users\abhij\.vscode\extensions\vmware.vscode-spring-boot-1.52.0\language-server\BOOT-INF\lib\asm-9.6.jar;c:\Users\abhij\.vscode\extensions\vmware.vscode-spring-boot-1.52.0\language-server\BOOT-INF\lib\asm-analysis-9.6.jar;c:\Users\abhij\.vscode\extensions\vmware.vscode-spring-boot-1.52.0\language-server\BOOT-INF\lib\asm-tree-9.6.jar;c:\Users\abhij\.vscode\extensions\vmware.vscode-spring-boot-1.52.0\language-server\BOOT-INF\lib\asm-util-9.6.jar;c:\Users\abhij\.vscode\extensions\vmware.vscode-spring-boot-1.52.0\language-server\BOOT-INF\lib\caffeine-3.1.8.jar;c:\Users\abhij\.vscode\extensions\vmware.vscode-spring-boot-1.52.0\language-server\BOOT-INF\lib\checker-qual-3.12.0.jar;c:\Users\abhij\.vscode\extensions\vmware.vscode-spring-boot-1.52.0\language-server\BOOT-INF\lib\classgraph-4.8.149.jar;c:\Users\abhij\.vscode\extensions\vmware.vscode-spring-boot-1.52.0\language-server\BOOT-INF\lib\commons-codec-1.16.0.jar;c:\Users\abhij\.vscode\extensions\vmware.vscode-spring-boot-1.52.0\language-server\BOOT-INF\lib\commons-compress-1.25.0.jar;c:\Users\abhij\.vscode\extensions\vmware.vscode-spring-boot-1.52.0\language-server\BOOT-INF\lib\commons-io-2.4.jar;c:\Users\abhij\.vscode\extensions\vmware.vscode-spring-boot-1.52.0\language-server\BOOT-INF\lib\commons-java-1.52.0-SNAPSHOT.jar;c:\Users\abhij\.vscode\extensions\vmware.vscode-spring-boot-1.52.0\language-server\BOOT-INF\lib\commons-lang3-3.13.0.jar;c:\Users\abhij\.vscode\extensions\vmware.vscode-spring-boot-1.52.0\language-server\BOOT-INF\lib\commons-language-server-1.52.0-SNAPSHOT.jar;c:\Users\abhij\.vscode\extensions\vmware.vscode-spring-boot-1.52.0\language
Launcher Type: SUN_STANDARD

[Global flags]
     intx CICompilerCount                          = 3                                         {product} {ergonomic}
     uint ConcGCThreads                            = 1                                         {product} {ergonomic}
     uint G1ConcRefinementThreads                  = 4                                         {product} {ergonomic}
   size_t G1HeapRegionSize                         = 1048576                                   {product} {ergonomic}
    uintx GCDrainStackTargetSize                   = 64                                        {product} {ergonomic}
     bool HeapDumpOnOutOfMemoryError               = true                                   {manageable} {command line}
   size_t InitialHeapSize                          = 132120576                                 {product} {ergonomic}
   size_t MarkStackSize                            = 4194304                                   {product} {ergonomic}
   size_t MaxHeapSize                              = 1073741824                                {product} {command line}
   size_t MaxNewSize                               = 643825664                                 {product} {ergonomic}
   size_t MinHeapDeltaBytes                        = 1048576                                   {product} {ergonomic}
   size_t MinHeapSize                              = 8388608                                   {product} {ergonomic}
    uintx NonProfiledCodeHeapSize                  = 0                                      {pd product} {ergonomic}
     bool ProfileInterpreter                       = false                                  {pd product} {command line}
    uintx ProfiledCodeHeapSize                     = 0                                      {pd product} {ergonomic}
   size_t SoftMaxHeapSize                          = 1073741824                             {manageable} {ergonomic}
     intx TieredStopAtLevel                        = 1                                         {product} {command line}
     bool UseCompressedClassPointers               = true                           {product lp64_product} {ergonomic}
     bool UseCompressedOops                        = true                           {product lp64_product} {ergonomic}
     bool UseG1GC                                  = true                                      {product} {ergonomic}
     bool UseLargePagesIndividualAllocation        = false                                  {pd product} {ergonomic}

Logging:
Log output configuration:
 #0: stdout all=warning,jni+resolve=off uptime,level,tags
 #1: stderr all=off uptime,level,tags

Environment Variables:
JAVA_HOME=C:\Program Files\Java\jdk-21
CLASSPATH=C:\oraclexe\app\oracle\product\10.2.0\server\jdbc\lib\ojdbc14_g;
PATH=C:\oraclexe\app\oracle\product\10.2.0\server\bin;C:\WINDOWS\system32;C:\WINDOWS;C:\WINDOWS\System32\Wbem;C:\WINDOWS\System32\WindowsPowerShell\v1.0\;C:\WINDOWS\System32\OpenSSH\;C:\Program Files\Java\jdk-21\bin;C:\Program Files\MySQL\MySQL Server 8.0\bin;C:\Program Files\Git\cmd;C:\Program Files\Git\mingw64\bin;C:\Program Files\Git\usr\bin;C:\Program Files\MongoDB\mongosh-2.1.3-win32-x64\bin;C:\Program Files\nodejs\;C:\Program Files\MySQL\MySQL Shell 8.0\bin\;C:\Users\abhij\AppData\Local\Microsoft\WindowsApps;C:\Users\abhij\AppData\Local\Programs\Microsoft VS Code\bin;C:\Users\abhij\AppData\Roaming\npm;C:\Program Files\JetBrains\IntelliJ IDEA Community Edition 2023.3.4\bin;;C:\Users\abhij\AppData\Local\GitHubDesktop\bin
USERNAME=abhij
OS=Windows_NT
PROCESSOR_IDENTIFIER=Intel64 Family 6 Model 140 Stepping 1, GenuineIntel
TMP=C:\Users\abhij\AppData\Local\Temp
TEMP=C:\Users\abhij\AppData\Local\Temp



Periodic native trim disabled


---------------  S Y S T E M  ---------------

OS:
 Windows 11 , 64 bit Build 22621 (10.0.22621.3085)
OS uptime: 6 days 3:24 hours

CPU: total 4 (initial active 4) (2 cores per cpu, 2 threads per core) family 6 model 140 stepping 1 microcode 0x9a, cx8, cmov, fxsr, ht, mmx, 3dnowpref, sse, sse2, sse3, ssse3, sse4.1, sse4.2, popcnt, lzcnt, tsc, tscinvbit, avx, avx2, aes, erms, clmul, bmi1, bmi2, adx, avx512f, avx512dq, avx512cd, avx512bw, avx512vl, sha, fma, vzeroupper, avx512_vpopcntdq, avx512_vpclmulqdq, avx512_vaes, avx512_vnni, clflush, clflushopt, clwb, avx512_vbmi2, avx512_vbmi
Processor Information for processor 0
  Max Mhz: 2995, Current Mhz: 2995, Mhz Limit: 2995
Processor Information for processor 1
  Max Mhz: 2995, Current Mhz: 1198, Mhz Limit: 2995
Processor Information for processor 2
  Max Mhz: 2995, Current Mhz: 2995, Mhz Limit: 2995
Processor Information for processor 3
  Max Mhz: 2995, Current Mhz: 1198, Mhz Limit: 2995

Memory: 4k page, system-wide physical 7991M (316M free)
TotalPageFile size 25418M (AvailPageFile size 48M)
current process WorkingSet (physical memory assigned to process): 73M, peak: 73M
current process commit charge ("private bytes"): 207M, peak: 207M

vm_info: OpenJDK 64-Bit Server VM (17.0.10+7) for windows-amd64 JRE (17.0.10+7), built on Jan 16 2024 23:25:11 by "admin" with MS VC++ 16.10 / 16.11 (VS2019)

END.
