#
# There is insufficient memory for the Java Runtime Environment to continue.
# Native memory allocation (malloc) failed to allocate 1048576 bytes for AllocateHeap
# Possible reasons:
#   The system is out of physical RAM or swap space
#   The process is running with CompressedOops enabled, and the Java Heap may be blocking the growth of the native heap
# Possible solutions:
#   Reduce memory load on the system
#   Increase physical memory or swap space
#   Check if swap backing store is full
#   Decrease Java heap size (-Xmx/-Xms)
#   Decrease number of Java threads
#   Decrease Java thread stack sizes (-Xss)
#   Set larger code cache with -XX:ReservedCodeCacheSize=
#   JVM is running with Unscaled Compressed Oops mode in which the Java heap is
#     placed in the first 4GB address space. The Java Heap base address is the
#     maximum limit for the native heap growth. Please use -XX:HeapBaseMinAddress
#     to set the Java Heap base and to place the Java Heap above 4GB virtual address.
# This output file may be truncated or incomplete.
#
#  Out of Memory Error (allocation.cpp:44), pid=21680, tid=5688
#
# JRE version: OpenJDK Runtime Environment Temurin-17.0.10+7 (17.0.10+7) (build 17.0.10+7)
# Java VM: OpenJDK 64-Bit Server VM Temurin-17.0.10+7 (17.0.10+7, mixed mode, emulated-client, tiered, compressed oops, compressed class ptrs, g1 gc, windows-amd64)
# No core dump will be written. Minidumps are not enabled by default on client versions of Windows
#

---------------  S U M M A R Y ------------

Command Line: -XX:+HeapDumpOnOutOfMemoryError -Xmx1024m -Dsts.lsp.client=vscode -Dsts.log.file=/dev/null -XX:TieredStopAtLevel=1 -Xlog:jni+resolve=off -Dspring.config.location=file:c:\Users\abhij\.vscode\extensions\vmware.vscode-spring-boot-1.52.0\language-server\BOOT-INF\classes\application.properties org.springframework.ide.vscode.boot.app.BootLanguageServerBootApp

Host: 11th Gen Intel(R) Core(TM) i3-1115G4 @ 3.00GHz, 4 cores, 7G,  Windows 11 , 64 bit Build 22621 (10.0.22621.3085)
Time: Sun Mar  3 10:28:52 2024 India Standard Time elapsed time: 787.336712 seconds (0d 0h 13m 7s)

---------------  T H R E A D  ---------------

Current thread (0x000001f966faa8c0):  VMThread "VM Thread" [stack: 0x0000004045f00000,0x0000004046000000] [id=5688]

Stack: [0x0000004045f00000,0x0000004046000000]
Native frames: (J=compiled Java code, j=interpreted, Vv=VM code, C=native code)
V  [jvm.dll+0x67d2c9]
V  [jvm.dll+0x834afa]
V  [jvm.dll+0x8365be]
V  [jvm.dll+0x836c23]
V  [jvm.dll+0x2477ff]
V  [jvm.dll+0xa6c93]
V  [jvm.dll+0x2f8663]
V  [jvm.dll+0x2f42e0]
V  [jvm.dll+0x2dc8c7]
V  [jvm.dll+0x31fb87]
V  [jvm.dll+0x83b11b]
V  [jvm.dll+0x83be61]
V  [jvm.dll+0x83c37d]
V  [jvm.dll+0x83c754]
V  [jvm.dll+0x83c820]
V  [jvm.dll+0x7e3fba]
V  [jvm.dll+0x67c1b5]
C  [ucrtbase.dll+0x29363]
C  [KERNEL32.DLL+0x1257d]
C  [ntdll.dll+0x5aa58]

VM_Operation (0x00000040471fed80): G1CollectFull, mode: safepoint, requested by thread 0x000001f96c9b8320


---------------  P R O C E S S  ---------------

Threads class SMR info:
_java_thread_list=0x000001f96cb0a730, length=23, elements={
0x000001f966fbf370, 0x000001f966fc0e50, 0x000001f966ff3130, 0x000001f966ff3c00,
0x000001f966ff44d0, 0x000001f96b04c4b0, 0x000001f96b04f5e0, 0x000001f966ffb990,
0x000001f96b2438c0, 0x000001f96b25a010, 0x000001f96c959020, 0x000001f96c9b8320,
0x000001f96c868510, 0x000001f95c9277c0, 0x000001f96c5d7c80, 0x000001f96c74cd40,
0x000001f96c9b6070, 0x000001f96c9b6fa0, 0x000001f96c9b74b0, 0x000001f96c9b6580,
0x000001f96c9b79c0, 0x000001f96c4a4aa0, 0x000001f96c4a8760
}

Java Threads: ( => current thread )
  0x000001f966fbf370 JavaThread "Reference Handler" daemon [_thread_blocked, id=11864, stack(0x0000004046000000,0x0000004046100000)]
  0x000001f966fc0e50 JavaThread "Finalizer" daemon [_thread_blocked, id=24524, stack(0x0000004046100000,0x0000004046200000)]
  0x000001f966ff3130 JavaThread "Signal Dispatcher" daemon [_thread_blocked, id=23740, stack(0x0000004046200000,0x0000004046300000)]
  0x000001f966ff3c00 JavaThread "Attach Listener" daemon [_thread_blocked, id=14332, stack(0x0000004046300000,0x0000004046400000)]
  0x000001f966ff44d0 JavaThread "Service Thread" daemon [_thread_blocked, id=3244, stack(0x0000004046400000,0x0000004046500000)]
  0x000001f96b04c4b0 JavaThread "Monitor Deflation Thread" daemon [_thread_blocked, id=17524, stack(0x0000004046500000,0x0000004046600000)]
  0x000001f96b04f5e0 JavaThread "C1 CompilerThread0" daemon [_thread_blocked, id=9448, stack(0x0000004046600000,0x0000004046700000)]
  0x000001f966ffb990 JavaThread "Sweeper thread" daemon [_thread_blocked, id=15356, stack(0x0000004046700000,0x0000004046800000)]
  0x000001f96b2438c0 JavaThread "Notification Thread" daemon [_thread_blocked, id=15264, stack(0x0000004046a00000,0x0000004046b00000)]
  0x000001f96b25a010 JavaThread "Common-Cleaner" daemon [_thread_blocked, id=21940, stack(0x0000004046c00000,0x0000004046d00000)]
  0x000001f96c959020 JavaThread "boundedElastic-evictor-1" daemon [_thread_blocked, id=24336, stack(0x0000004047000000,0x0000004047100000)]
  0x000001f96c9b8320 JavaThread "pool-12-thread-1" [_thread_blocked, id=20688, stack(0x0000004047100000,0x0000004047200000)]
  0x000001f96c868510 JavaThread "LanguageServerApp-lifecycle" [_thread_blocked, id=1508, stack(0x0000004047200000,0x0000004047300000)]
  0x000001f95c9277c0 JavaThread "DestroyJavaVM" [_thread_blocked, id=18848, stack(0x0000004045900000,0x0000004045a00000)]
  0x000001f96c5d7c80 JavaThread "pool-13-thread-1" [_thread_in_native, id=15392, stack(0x0000004047300000,0x0000004047400000)]
  0x000001f96c74cd40 JavaThread "Simple-Language-Server main thread" daemon [_thread_blocked, id=4160, stack(0x0000004047400000,0x0000004047500000)]
  0x000001f96c9b6070 JavaThread "pool-8-thread-1" [_thread_blocked, id=2900, stack(0x0000004047800000,0x0000004047900000)]
  0x000001f96c9b6fa0 JavaThread "parallel-1" daemon [_thread_blocked, id=21516, stack(0x0000004047900000,0x0000004047a00000)]
  0x000001f96c9b74b0 JavaThread "pool-6-thread-1" [_thread_blocked, id=9956, stack(0x0000004047a00000,0x0000004047b00000)]
  0x000001f96c9b6580 JavaThread "parallel-2" daemon [_thread_blocked, id=24184, stack(0x0000004047b00000,0x0000004047c00000)]
  0x000001f96c9b79c0 JavaThread "parallel-3" daemon [_thread_blocked, id=16788, stack(0x0000004047c00000,0x0000004047d00000)]
  0x000001f96c4a4aa0 JavaThread "parallel-4" daemon [_thread_blocked, id=17564, stack(0x0000004048200000,0x0000004048300000)]
  0x000001f96c4a8760 JavaThread "Reconciler-1" daemon [_thread_blocked, id=4056, stack(0x0000004048300000,0x0000004048400000)]

Other Threads:
=>0x000001f966faa8c0 VMThread "VM Thread" [stack: 0x0000004045f00000,0x0000004046000000] [id=5688]
  0x000001f96b244540 WatcherThread [stack: 0x0000004046b00000,0x0000004046c00000] [id=1452]
  0x000001f95c964cd0 GCTaskThread "GC Thread#0" [stack: 0x0000004045a00000,0x0000004045b00000] [id=10660]
  0x000001f96b8b37d0 GCTaskThread "GC Thread#1" [stack: 0x0000004046d00000,0x0000004046e00000] [id=14504]
  0x000001f96b8b3a90 GCTaskThread "GC Thread#2" [stack: 0x0000004046e00000,0x0000004046f00000] [id=21600]
  0x000001f96be61d90 GCTaskThread "GC Thread#3" [stack: 0x0000004046f00000,0x0000004047000000] [id=14368]
  0x000001f95c96db30 ConcurrentGCThread "G1 Main Marker" [stack: 0x0000004045b00000,0x0000004045c00000] [id=14520]
  0x000001f95c96e460 ConcurrentGCThread "G1 Conc#0" [stack: 0x0000004045c00000,0x0000004045d00000] [id=8244]
  0x000001f95c9c4400 ConcurrentGCThread "G1 Refine#0" [stack: 0x0000004045d00000,0x0000004045e00000] [id=24532]
  0x000001f95c9c4d40 ConcurrentGCThread "G1 Service" [stack: 0x0000004045e00000,0x0000004045f00000] [id=19364]

Threads with active compile tasks:

VM state: at safepoint (normal execution)

VM Mutex/Monitor currently owned by a thread:  ([mutex/lock_event])
[0x000001f95a722ca0] Threads_lock - owner thread: 0x000001f966faa8c0
[0x000001f95a71ecb0] Heap_lock - owner thread: 0x000001f96c9b8320

Heap address: 0x00000000c0000000, size: 1024 MB, Compressed Oops mode: 32-bit

CDS archive(s) not mapped
Compressed class space mapped at: 0x0000000100000000-0x0000000140000000, reserved size: 1073741824
Narrow klass base: 0x0000000000000000, Narrow klass shift: 3, Narrow klass range: 0x140000000

GC Precious Log:
 CPUs: 4 total, 4 available
 Memory: 7991M
 Large Page Support: Disabled
 NUMA Support: Disabled
 Compressed Oops: Enabled (32-bit)
 Heap Region Size: 1M
 Heap Min Capacity: 8M
 Heap Initial Capacity: 126M
 Heap Max Capacity: 1G
 Pre-touch: Disabled
 Parallel Workers: 4
 Concurrent Workers: 1
 Concurrent Refinement Workers: 4
 Periodic GC: Disabled

Heap:
 garbage-first heap   total 116736K, used 34303K [0x00000000c0000000, 0x0000000100000000)
  region size 1024K, 1 young (1024K), 0 survivors (0K)
 Metaspace       used 58289K, committed 59072K, reserved 1114112K
  class space    used 7251K, committed 7552K, reserved 1048576K

Heap Regions: E=young(eden), S=young(survivor), O=old, HS=humongous(starts), HC=humongous(continues), CS=collection set, F=free, OA=open archive, CA=closed archive, TAMS=top-at-mark-start (previous, next)
|   0|0x00000000c0000000, 0x00000000c0100000, 0x00000000c0100000|100%|HS|  |TAMS 0x00000000c0100000, 0x00000000c0000000| Untracked 
|   1|0x00000000c0100000, 0x00000000c0200000, 0x00000000c0200000|100%|HC|  |TAMS 0x00000000c0200000, 0x00000000c0100000| Untracked 
|   2|0x00000000c0200000, 0x00000000c0300000, 0x00000000c0300000|100%|HC|  |TAMS 0x00000000c0300000, 0x00000000c0200000| Untracked 
|   3|0x00000000c0300000, 0x00000000c0400000, 0x00000000c0400000|100%|HC|  |TAMS 0x00000000c0400000, 0x00000000c0300000| Untracked 
|   4|0x00000000c0400000, 0x00000000c0500000, 0x00000000c0500000|100%| O|  |TAMS 0x00000000c0500000, 0x00000000c0400000| Untracked 
|   5|0x00000000c0500000, 0x00000000c0600000, 0x00000000c0600000|100%| O|  |TAMS 0x00000000c0600000, 0x00000000c0500000| Untracked 
|   6|0x00000000c0600000, 0x00000000c0700000, 0x00000000c0700000|100%| O|  |TAMS 0x00000000c0700000, 0x00000000c0600000| Untracked 
|   7|0x00000000c0700000, 0x00000000c0800000, 0x00000000c0800000|100%| O|  |TAMS 0x00000000c0800000, 0x00000000c0700000| Untracked 
|   8|0x00000000c0800000, 0x00000000c0900000, 0x00000000c0900000|100%| O|  |TAMS 0x00000000c0900000, 0x00000000c0800000| Untracked 
|   9|0x00000000c0900000, 0x00000000c09ffff0, 0x00000000c0a00000| 99%| O|  |TAMS 0x00000000c09ffff0, 0x00000000c0900000| Untracked 
|  10|0x00000000c0a00000, 0x00000000c0b00000, 0x00000000c0b00000|100%|HS|  |TAMS 0x00000000c0b00000, 0x00000000c0a00000| Untracked 
|  11|0x00000000c0b00000, 0x00000000c0c00000, 0x00000000c0c00000|100%|HC|  |TAMS 0x00000000c0c00000, 0x00000000c0b00000| Untracked 
|  12|0x00000000c0c00000, 0x00000000c0d00000, 0x00000000c0d00000|100%| O|  |TAMS 0x00000000c0d00000, 0x00000000c0c00000| Untracked 
|  13|0x00000000c0d00000, 0x00000000c0dfc600, 0x00000000c0e00000| 98%| O|  |TAMS 0x00000000c0dfc600, 0x00000000c0d00000| Untracked 
|  14|0x00000000c0e00000, 0x00000000c0effcc8, 0x00000000c0f00000| 99%| O|  |TAMS 0x00000000c0effcc8, 0x00000000c0e00000| Untracked 
|  15|0x00000000c0f00000, 0x00000000c1000000, 0x00000000c1000000|100%| O|  |TAMS 0x00000000c1000000, 0x00000000c0f00000| Untracked 
|  16|0x00000000c1000000, 0x00000000c1100000, 0x00000000c1100000|100%| O|  |TAMS 0x00000000c1100000, 0x00000000c1000000| Untracked 
|  17|0x00000000c1100000, 0x00000000c11ffff0, 0x00000000c1200000| 99%| O|  |TAMS 0x00000000c11ffff0, 0x00000000c1100000| Untracked 
|  18|0x00000000c1200000, 0x00000000c12fffc0, 0x00000000c1300000| 99%| O|  |TAMS 0x00000000c12fffc0, 0x00000000c1200000| Untracked 
|  19|0x00000000c1300000, 0x00000000c1400000, 0x00000000c1400000|100%| O|  |TAMS 0x00000000c1400000, 0x00000000c1300000| Untracked 
|  20|0x00000000c1400000, 0x00000000c14fffe0, 0x00000000c1500000| 99%| O|  |TAMS 0x00000000c14fffe0, 0x00000000c1400000| Untracked 
|  21|0x00000000c1500000, 0x00000000c15fffe8, 0x00000000c1600000| 99%| O|  |TAMS 0x00000000c15fffe8, 0x00000000c1500000| Untracked 
|  22|0x00000000c1600000, 0x00000000c16fffe0, 0x00000000c1700000| 99%| O|  |TAMS 0x00000000c16fffe0, 0x00000000c1600000| Untracked 
|  23|0x00000000c1700000, 0x00000000c17ffff8, 0x00000000c1800000| 99%| O|  |TAMS 0x00000000c17ffff8, 0x00000000c1700000| Untracked 
|  24|0x00000000c1800000, 0x00000000c1900000, 0x00000000c1900000|100%| O|  |TAMS 0x00000000c1900000, 0x00000000c1800000| Untracked 
|  25|0x00000000c1900000, 0x00000000c19ffff8, 0x00000000c1a00000| 99%| O|  |TAMS 0x00000000c19ffff8, 0x00000000c1900000| Untracked 
|  26|0x00000000c1a00000, 0x00000000c1afd578, 0x00000000c1b00000| 98%| O|  |TAMS 0x00000000c1afd578, 0x00000000c1a00000| Untracked 
|  27|0x00000000c1b00000, 0x00000000c1bf35d8, 0x00000000c1c00000| 95%| O|  |TAMS 0x00000000c1b00000, 0x00000000c1b00000| Untracked 
|  28|0x00000000c1c00000, 0x00000000c1d00000, 0x00000000c1d00000|100%| O|  |TAMS 0x00000000c1d00000, 0x00000000c1c00000| Untracked 
|  29|0x00000000c1d00000, 0x00000000c1df9fa8, 0x00000000c1e00000| 97%| O|  |TAMS 0x00000000c1df9fa8, 0x00000000c1d00000| Untracked 
|  30|0x00000000c1e00000, 0x00000000c1effff8, 0x00000000c1f00000| 99%| O|  |TAMS 0x00000000c1effff8, 0x00000000c1e00000| Untracked 
|  31|0x00000000c1f00000, 0x00000000c1ffffd0, 0x00000000c2000000| 99%| O|  |TAMS 0x00000000c1ffffd0, 0x00000000c1f00000| Untracked 
|  32|0x00000000c2000000, 0x00000000c20990c0, 0x00000000c2100000| 59%| O|  |TAMS 0x00000000c2000000, 0x00000000c2000000| Untracked 
|  33|0x00000000c2100000, 0x00000000c2100000, 0x00000000c2200000|  0%| F|  |TAMS 0x00000000c2100000, 0x00000000c2100000| Untracked 
|  34|0x00000000c2200000, 0x00000000c2200000, 0x00000000c2300000|  0%| F|  |TAMS 0x00000000c2200000, 0x00000000c2200000| Untracked 
|  35|0x00000000c2300000, 0x00000000c2300000, 0x00000000c2400000|  0%| F|  |TAMS 0x00000000c2300000, 0x00000000c2300000| Untracked 
|  36|0x00000000c2400000, 0x00000000c2400000, 0x00000000c2500000|  0%| F|  |TAMS 0x00000000c2400000, 0x00000000c2400000| Untracked 
|  37|0x00000000c2500000, 0x00000000c2500000, 0x00000000c2600000|  0%| F|  |TAMS 0x00000000c2500000, 0x00000000c2500000| Untracked 
|  38|0x00000000c2600000, 0x00000000c2600000, 0x00000000c2700000|  0%| F|  |TAMS 0x00000000c2600000, 0x00000000c2600000| Untracked 
|  39|0x00000000c2700000, 0x00000000c2700000, 0x00000000c2800000|  0%| F|  |TAMS 0x00000000c2700000, 0x00000000c2700000| Untracked 
|  40|0x00000000c2800000, 0x00000000c2800000, 0x00000000c2900000|  0%| F|  |TAMS 0x00000000c2800000, 0x00000000c2800000| Untracked 
|  41|0x00000000c2900000, 0x00000000c2900000, 0x00000000c2a00000|  0%| F|  |TAMS 0x00000000c2900000, 0x00000000c2900000| Untracked 
|  42|0x00000000c2a00000, 0x00000000c2a00000, 0x00000000c2b00000|  0%| F|  |TAMS 0x00000000c2a00000, 0x00000000c2a00000| Untracked 
|  43|0x00000000c2b00000, 0x00000000c2b00000, 0x00000000c2c00000|  0%| F|  |TAMS 0x00000000c2b00000, 0x00000000c2b00000| Untracked 
|  44|0x00000000c2c00000, 0x00000000c2c00000, 0x00000000c2d00000|  0%| F|  |TAMS 0x00000000c2c00000, 0x00000000c2c00000| Untracked 
|  45|0x00000000c2d00000, 0x00000000c2d00000, 0x00000000c2e00000|  0%| F|  |TAMS 0x00000000c2d00000, 0x00000000c2d00000| Untracked 
|  46|0x00000000c2e00000, 0x00000000c2e00000, 0x00000000c2f00000|  0%| F|  |TAMS 0x00000000c2e00000, 0x00000000c2e00000| Untracked 
|  47|0x00000000c2f00000, 0x00000000c2f00000, 0x00000000c3000000|  0%| F|  |TAMS 0x00000000c2f00000, 0x00000000c2f00000| Untracked 
|  48|0x00000000c3000000, 0x00000000c3000000, 0x00000000c3100000|  0%| F|  |TAMS 0x00000000c3000000, 0x00000000c3000000| Untracked 
|  49|0x00000000c3100000, 0x00000000c3100000, 0x00000000c3200000|  0%| F|  |TAMS 0x00000000c3100000, 0x00000000c3100000| Untracked 
|  50|0x00000000c3200000, 0x00000000c3200000, 0x00000000c3300000|  0%| F|  |TAMS 0x00000000c3200000, 0x00000000c3200000| Untracked 
|  51|0x00000000c3300000, 0x00000000c3300000, 0x00000000c3400000|  0%| F|  |TAMS 0x00000000c3300000, 0x00000000c3300000| Untracked 
|  52|0x00000000c3400000, 0x00000000c3400000, 0x00000000c3500000|  0%| F|  |TAMS 0x00000000c3400000, 0x00000000c3400000| Untracked 
|  53|0x00000000c3500000, 0x00000000c3500000, 0x00000000c3600000|  0%| F|  |TAMS 0x00000000c3500000, 0x00000000c3500000| Untracked 
|  54|0x00000000c3600000, 0x00000000c3600000, 0x00000000c3700000|  0%| F|  |TAMS 0x00000000c3600000, 0x00000000c3600000| Untracked 
|  55|0x00000000c3700000, 0x00000000c3700000, 0x00000000c3800000|  0%| F|  |TAMS 0x00000000c3700000, 0x00000000c3700000| Untracked 
|  56|0x00000000c3800000, 0x00000000c3800000, 0x00000000c3900000|  0%| F|  |TAMS 0x00000000c3800000, 0x00000000c3800000| Untracked 
|  57|0x00000000c3900000, 0x00000000c3900000, 0x00000000c3a00000|  0%| F|  |TAMS 0x00000000c3900000, 0x00000000c3900000| Untracked 
|  58|0x00000000c3a00000, 0x00000000c3a00000, 0x00000000c3b00000|  0%| F|  |TAMS 0x00000000c3a00000, 0x00000000c3a00000| Untracked 
|  59|0x00000000c3b00000, 0x00000000c3b00000, 0x00000000c3c00000|  0%| F|  |TAMS 0x00000000c3b00000, 0x00000000c3b00000| Untracked 
|  60|0x00000000c3c00000, 0x00000000c3c00000, 0x00000000c3d00000|  0%| F|  |TAMS 0x00000000c3c00000, 0x00000000c3c00000| Untracked 
|  61|0x00000000c3d00000, 0x00000000c3d00000, 0x00000000c3e00000|  0%| F|  |TAMS 0x00000000c3d00000, 0x00000000c3d00000| Untracked 
|  62|0x00000000c3e00000, 0x00000000c3e00000, 0x00000000c3f00000|  0%| F|  |TAMS 0x00000000c3e00000, 0x00000000c3e00000| Untracked 
|  63|0x00000000c3f00000, 0x00000000c3f00000, 0x00000000c4000000|  0%| F|  |TAMS 0x00000000c3f00000, 0x00000000c3f00000| Untracked 
|  64|0x00000000c4000000, 0x00000000c4000000, 0x00000000c4100000|  0%| F|  |TAMS 0x00000000c4000000, 0x00000000c4000000| Untracked 
|  65|0x00000000c4100000, 0x00000000c4100000, 0x00000000c4200000|  0%| F|  |TAMS 0x00000000c4100000, 0x00000000c4100000| Untracked 
|  66|0x00000000c4200000, 0x00000000c4200000, 0x00000000c4300000|  0%| F|  |TAMS 0x00000000c4200000, 0x00000000c4200000| Untracked 
|  67|0x00000000c4300000, 0x00000000c4300000, 0x00000000c4400000|  0%| F|  |TAMS 0x00000000c4300000, 0x00000000c4300000| Untracked 
|  68|0x00000000c4400000, 0x00000000c4400000, 0x00000000c4500000|  0%| F|  |TAMS 0x00000000c4400000, 0x00000000c4400000| Untracked 
|  69|0x00000000c4500000, 0x00000000c4500000, 0x00000000c4600000|  0%| F|  |TAMS 0x00000000c4500000, 0x00000000c4500000| Untracked 
|  70|0x00000000c4600000, 0x00000000c4600000, 0x00000000c4700000|  0%| F|  |TAMS 0x00000000c4600000, 0x00000000c4600000| Untracked 
|  71|0x00000000c4700000, 0x00000000c4700000, 0x00000000c4800000|  0%| F|  |TAMS 0x00000000c4700000, 0x00000000c4700000| Untracked 
|  72|0x00000000c4800000, 0x00000000c4800000, 0x00000000c4900000|  0%| F|  |TAMS 0x00000000c4800000, 0x00000000c4800000| Untracked 
|  73|0x00000000c4900000, 0x00000000c4900000, 0x00000000c4a00000|  0%| F|  |TAMS 0x00000000c4900000, 0x00000000c4900000| Untracked 
|  74|0x00000000c4a00000, 0x00000000c4a00000, 0x00000000c4b00000|  0%| F|  |TAMS 0x00000000c4a00000, 0x00000000c4a00000| Untracked 
|  75|0x00000000c4b00000, 0x00000000c4b00000, 0x00000000c4c00000|  0%| F|  |TAMS 0x00000000c4b00000, 0x00000000c4b00000| Untracked 
|  76|0x00000000c4c00000, 0x00000000c4c00000, 0x00000000c4d00000|  0%| F|  |TAMS 0x00000000c4c00000, 0x00000000c4c00000| Untracked 
|  77|0x00000000c4d00000, 0x00000000c4d00000, 0x00000000c4e00000|  0%| F|  |TAMS 0x00000000c4d00000, 0x00000000c4d00000| Untracked 
|  78|0x00000000c4e00000, 0x00000000c4e00000, 0x00000000c4f00000|  0%| F|  |TAMS 0x00000000c4e00000, 0x00000000c4e00000| Untracked 
|  79|0x00000000c4f00000, 0x00000000c4f00000, 0x00000000c5000000|  0%| F|  |TAMS 0x00000000c4f00000, 0x00000000c4f00000| Untracked 
|  80|0x00000000c5000000, 0x00000000c5000000, 0x00000000c5100000|  0%| F|  |TAMS 0x00000000c5000000, 0x00000000c5000000| Untracked 
|  81|0x00000000c5100000, 0x00000000c5100000, 0x00000000c5200000|  0%| F|  |TAMS 0x00000000c5100000, 0x00000000c5100000| Untracked 
|  82|0x00000000c5200000, 0x00000000c52fffd8, 0x00000000c5300000| 99%| O|  |TAMS 0x00000000c52fffd8, 0x00000000c5200000| Untracked 
|  83|0x00000000c5300000, 0x00000000c5300000, 0x00000000c5400000|  0%| F|  |TAMS 0x00000000c5300000, 0x00000000c5300000| Untracked 
|  84|0x00000000c5400000, 0x00000000c5400000, 0x00000000c5500000|  0%| F|  |TAMS 0x00000000c5400000, 0x00000000c5400000| Untracked 
|  85|0x00000000c5500000, 0x00000000c5500000, 0x00000000c5600000|  0%| F|  |TAMS 0x00000000c5500000, 0x00000000c5500000| Untracked 
|  86|0x00000000c5600000, 0x00000000c5600000, 0x00000000c5700000|  0%| F|  |TAMS 0x00000000c5600000, 0x00000000c5600000| Untracked 
|  87|0x00000000c5700000, 0x00000000c5700000, 0x00000000c5800000|  0%| F|  |TAMS 0x00000000c5700000, 0x00000000c5700000| Untracked 
|  88|0x00000000c5800000, 0x00000000c5800000, 0x00000000c5900000|  0%| F|  |TAMS 0x00000000c5800000, 0x00000000c5800000| Untracked 
|  89|0x00000000c5900000, 0x00000000c5900000, 0x00000000c5a00000|  0%| F|  |TAMS 0x00000000c5900000, 0x00000000c5900000| Untracked 
|  90|0x00000000c5a00000, 0x00000000c5a00000, 0x00000000c5b00000|  0%| F|  |TAMS 0x00000000c5a00000, 0x00000000c5a00000| Untracked 
|  91|0x00000000c5b00000, 0x00000000c5b00000, 0x00000000c5c00000|  0%| F|  |TAMS 0x00000000c5b00000, 0x00000000c5b00000| Untracked 
|  92|0x00000000c5c00000, 0x00000000c5c00000, 0x00000000c5d00000|  0%| F|  |TAMS 0x00000000c5c00000, 0x00000000c5c00000| Untracked 
|  93|0x00000000c5d00000, 0x00000000c5d00000, 0x00000000c5e00000|  0%| F|  |TAMS 0x00000000c5d00000, 0x00000000c5d00000| Untracked 
|  94|0x00000000c5e00000, 0x00000000c5e00000, 0x00000000c5f00000|  0%| F|  |TAMS 0x00000000c5e00000, 0x00000000c5e00000| Untracked 
|  95|0x00000000c5f00000, 0x00000000c5f00000, 0x00000000c6000000|  0%| F|  |TAMS 0x00000000c5f00000, 0x00000000c5f00000| Untracked 
|  96|0x00000000c6000000, 0x00000000c6000000, 0x00000000c6100000|  0%| F|  |TAMS 0x00000000c6000000, 0x00000000c6000000| Untracked 
|  97|0x00000000c6100000, 0x00000000c6100000, 0x00000000c6200000|  0%| F|  |TAMS 0x00000000c6100000, 0x00000000c6100000| Untracked 
|  98|0x00000000c6200000, 0x00000000c6200000, 0x00000000c6300000|  0%| F|  |TAMS 0x00000000c6200000, 0x00000000c6200000| Untracked 
|  99|0x00000000c6300000, 0x00000000c6300000, 0x00000000c6400000|  0%| F|  |TAMS 0x00000000c6300000, 0x00000000c6300000| Untracked 
| 100|0x00000000c6400000, 0x00000000c6400000, 0x00000000c6500000|  0%| F|  |TAMS 0x00000000c6400000, 0x00000000c6400000| Untracked 
| 101|0x00000000c6500000, 0x00000000c6500000, 0x00000000c6600000|  0%| F|  |TAMS 0x00000000c6500000, 0x00000000c6500000| Untracked 
| 102|0x00000000c6600000, 0x00000000c6600000, 0x00000000c6700000|  0%| F|  |TAMS 0x00000000c6600000, 0x00000000c6600000| Untracked 
| 103|0x00000000c6700000, 0x00000000c6700000, 0x00000000c6800000|  0%| F|  |TAMS 0x00000000c6700000, 0x00000000c6700000| Untracked 
| 104|0x00000000c6800000, 0x00000000c6800000, 0x00000000c6900000|  0%| F|  |TAMS 0x00000000c6800000, 0x00000000c6800000| Untracked 
| 105|0x00000000c6900000, 0x00000000c6900000, 0x00000000c6a00000|  0%| F|  |TAMS 0x00000000c6900000, 0x00000000c6900000| Untracked 
| 106|0x00000000c6a00000, 0x00000000c6a00000, 0x00000000c6b00000|  0%| F|  |TAMS 0x00000000c6a00000, 0x00000000c6a00000| Untracked 
| 107|0x00000000c6b00000, 0x00000000c6b00000, 0x00000000c6c00000|  0%| F|  |TAMS 0x00000000c6b00000, 0x00000000c6b00000| Untracked 
| 108|0x00000000c6c00000, 0x00000000c6c00000, 0x00000000c6d00000|  0%| F|  |TAMS 0x00000000c6c00000, 0x00000000c6c00000| Untracked 
| 109|0x00000000c6d00000, 0x00000000c6d00000, 0x00000000c6e00000|  0%| F|  |TAMS 0x00000000c6d00000, 0x00000000c6d00000| Untracked 
| 110|0x00000000c6e00000, 0x00000000c6e00000, 0x00000000c6f00000|  0%| F|  |TAMS 0x00000000c6e00000, 0x00000000c6e00000| Untracked 
| 111|0x00000000c6f00000, 0x00000000c6f00000, 0x00000000c7000000|  0%| F|  |TAMS 0x00000000c6f00000, 0x00000000c6f00000| Untracked 
| 112|0x00000000c7000000, 0x00000000c7000000, 0x00000000c7100000|  0%| F|  |TAMS 0x00000000c7000000, 0x00000000c7000000| Untracked 
| 113|0x00000000c7100000, 0x00000000c711b7e8, 0x00000000c7200000| 10%| E|  |TAMS 0x00000000c7100000, 0x00000000c7100000| Complete 

Card table byte_map: [0x000001f9625b0000,0x000001f9627b0000] _byte_map_base: 0x000001f961fb0000

Marking Bits (Prev, Next): (CMBitMap*) 0x000001f95c965240, (CMBitMap*) 0x000001f95c965200
 Prev Bits: [0x000001f9639b0000, 0x000001f9649b0000)
 Next Bits: [0x000001f9629b0000, 0x000001f9639b0000)

Polling page: 0x000001f95c0d0000

Metaspace:

Usage:
  Non-class:     49.84 MB used.
      Class:      7.08 MB used.
       Both:     56.92 MB used.

Virtual space:
  Non-class space:       64.00 MB reserved,      50.31 MB ( 79%) committed,  1 nodes.
      Class space:        1.00 GB reserved,       7.38 MB ( <1%) committed,  1 nodes.
             Both:        1.06 GB reserved,      57.69 MB (  5%) committed. 

Chunk freelists:
   Non-Class:  13.87 MB
       Class:  8.77 MB
        Both:  22.64 MB

MaxMetaspaceSize: unlimited
CompressedClassSpaceSize: 1.00 GB
Initial GC threshold: 21.00 MB
Current GC threshold: 96.06 MB
CDS: off
MetaspaceReclaimPolicy: balanced
 - commit_granule_bytes: 65536.
 - commit_granule_words: 8192.
 - virtual_space_node_default_size: 8388608.
 - enlarge_chunks_in_place: 1.
 - new_chunks_are_fully_committed: 0.
 - uncommit_free_chunks: 1.
 - use_allocation_guard: 0.
 - handle_deallocations: 1.


Internal statistics:

num_allocs_failed_limit: 6.
num_arena_births: 706.
num_arena_deaths: 226.
num_vsnodes_births: 2.
num_vsnodes_deaths: 0.
num_space_committed: 923.
num_space_uncommitted: 0.
num_chunks_returned_to_freelist: 268.
num_chunks_taken_from_freelist: 2551.
num_chunk_merges: 90.
num_chunk_splits: 1765.
num_chunks_enlarged: 1327.
num_inconsistent_stats: 0.

CodeCache: size=49152Kb used=11929Kb max_used=12927Kb free=37222Kb
 bounds [0x000001f95f5b0000, 0x000001f9602a0000, 0x000001f9625b0000]
 total_blobs=7491 nmethods=6828 adapters=590
 compilation: enabled
              stopped_count=0, restarted_count=0
 full_count=0

Compilation events (20 events):
Event: 309.538 Thread 0x000001f96b04f5e0 6820       1       okio.-SegmentedByteString::checkOffsetAndCount (71 bytes)
Event: 309.538 Thread 0x000001f96b04f5e0 nmethod 6820 0x000001f960104210 code [0x000001f960104420, 0x000001f960104728]
Event: 310.183 Thread 0x000001f96b04f5e0 6821       1       java.util.logging.Level::intValue (5 bytes)
Event: 310.183 Thread 0x000001f96b04f5e0 nmethod 6821 0x000001f960103f10 code [0x000001f9601040a0, 0x000001f960104178]
Event: 310.184 Thread 0x000001f96b04f5e0 6822       1       okio.AsyncTimeout::access$getInQueue$p (5 bytes)
Event: 310.184 Thread 0x000001f96b04f5e0 nmethod 6822 0x000001f960103c10 code [0x000001f960103da0, 0x000001f960103e58]
Event: 311.547 Thread 0x000001f96b04f5e0 6823       1       java.nio.HeapByteBuffer::get (64 bytes)
Event: 311.547 Thread 0x000001f96b04f5e0 nmethod 6823 0x000001f960103490 code [0x000001f960103680, 0x000001f9601039f8]
Event: 311.557 Thread 0x000001f96b04f5e0 6824       1       sun.nio.ch.Util$BufferCache::next (8 bytes)
Event: 311.557 Thread 0x000001f96b04f5e0 nmethod 6824 0x000001f960103190 code [0x000001f960103320, 0x000001f960103418]
Event: 336.352 Thread 0x000001f96b04f5e0 6825       1       org.springframework.ide.vscode.commons.yaml.ast.NodeRef$TupleRef::getTuple (23 bytes)
Event: 336.353 Thread 0x000001f96b04f5e0 nmethod 6825 0x000001f960102d90 code [0x000001f960102f40, 0x000001f9601030a8]
Event: 512.600 Thread 0x000001f96b04f5e0 6826       1       org.springframework.ide.vscode.commons.languageserver.composable.LanguageServerComponents::getCodeActionProvider (4 bytes)
Event: 512.602 Thread 0x000001f96b04f5e0 nmethod 6826 0x000001f960102a90 code [0x000001f960102c20, 0x000001f960102cf8]
Event: 665.002 Thread 0x000001f96b04f5e0 6827       1       java.lang.ProcessImpl::needsEscaping (169 bytes)
Event: 665.021 Thread 0x000001f96b04f5e0 nmethod 6827 0x000001f960101d10 code [0x000001f960101f60, 0x000001f960102668]
Event: 665.021 Thread 0x000001f96b04f5e0 6828       1       java.lang.ProcessImpl::unQuote (40 bytes)
Event: 665.022 Thread 0x000001f96b04f5e0 nmethod 6828 0x000001f960101810 code [0x000001f9601019c0, 0x000001f960101b88]
Event: 709.648 Thread 0x000001f96b04f5e0 6829       1       java.lang.invoke.Invokers$Holder::linkToTargetMethod (9 bytes)
Event: 709.649 Thread 0x000001f96b04f5e0 nmethod 6829 0x000001f960101490 code [0x000001f960101640, 0x000001f960101758]

GC Heap History (20 events):
Event: 665.728 GC heap before
{Heap before GC invocations=83 (full 25):
 garbage-first heap   total 116736K, used 34303K [0x00000000c0000000, 0x0000000100000000)
  region size 1024K, 1 young (1024K), 0 survivors (0K)
 Metaspace       used 58289K, committed 59072K, reserved 1114112K
  class space    used 7251K, committed 7552K, reserved 1048576K
}
Event: 665.761 GC heap after
{Heap after GC invocations=84 (full 26):
 garbage-first heap   total 116736K, used 34303K [0x00000000c0000000, 0x0000000100000000)
  region size 1024K, 0 young (0K), 0 survivors (0K)
 Metaspace       used 58289K, committed 59072K, reserved 1114112K
  class space    used 7251K, committed 7552K, reserved 1048576K
}
Event: 676.803 GC heap before
{Heap before GC invocations=84 (full 26):
 garbage-first heap   total 116736K, used 34303K [0x00000000c0000000, 0x0000000100000000)
  region size 1024K, 1 young (1024K), 0 survivors (0K)
 Metaspace       used 58289K, committed 59072K, reserved 1114112K
  class space    used 7251K, committed 7552K, reserved 1048576K
}
Event: 676.833 GC heap after
{Heap after GC invocations=85 (full 27):
 garbage-first heap   total 116736K, used 34303K [0x00000000c0000000, 0x0000000100000000)
  region size 1024K, 0 young (0K), 0 survivors (0K)
 Metaspace       used 58289K, committed 59072K, reserved 1114112K
  class space    used 7251K, committed 7552K, reserved 1048576K
}
Event: 687.660 GC heap before
{Heap before GC invocations=85 (full 27):
 garbage-first heap   total 116736K, used 34303K [0x00000000c0000000, 0x0000000100000000)
  region size 1024K, 1 young (1024K), 0 survivors (0K)
 Metaspace       used 58289K, committed 59072K, reserved 1114112K
  class space    used 7251K, committed 7552K, reserved 1048576K
}
Event: 687.691 GC heap after
{Heap after GC invocations=86 (full 28):
 garbage-first heap   total 116736K, used 34303K [0x00000000c0000000, 0x0000000100000000)
  region size 1024K, 0 young (0K), 0 survivors (0K)
 Metaspace       used 58289K, committed 59072K, reserved 1114112K
  class space    used 7251K, committed 7552K, reserved 1048576K
}
Event: 699.564 GC heap before
{Heap before GC invocations=86 (full 28):
 garbage-first heap   total 116736K, used 34303K [0x00000000c0000000, 0x0000000100000000)
  region size 1024K, 1 young (1024K), 0 survivors (0K)
 Metaspace       used 58289K, committed 59072K, reserved 1114112K
  class space    used 7251K, committed 7552K, reserved 1048576K
}
Event: 699.597 GC heap after
{Heap after GC invocations=87 (full 29):
 garbage-first heap   total 116736K, used 34303K [0x00000000c0000000, 0x0000000100000000)
  region size 1024K, 0 young (0K), 0 survivors (0K)
 Metaspace       used 58289K, committed 59072K, reserved 1114112K
  class space    used 7251K, committed 7552K, reserved 1048576K
}
Event: 710.298 GC heap before
{Heap before GC invocations=87 (full 29):
 garbage-first heap   total 116736K, used 34303K [0x00000000c0000000, 0x0000000100000000)
  region size 1024K, 1 young (1024K), 0 survivors (0K)
 Metaspace       used 58289K, committed 59072K, reserved 1114112K
  class space    used 7251K, committed 7552K, reserved 1048576K
}
Event: 710.331 GC heap after
{Heap after GC invocations=88 (full 30):
 garbage-first heap   total 116736K, used 34303K [0x00000000c0000000, 0x0000000100000000)
  region size 1024K, 0 young (0K), 0 survivors (0K)
 Metaspace       used 58289K, committed 59072K, reserved 1114112K
  class space    used 7251K, committed 7552K, reserved 1048576K
}
Event: 727.403 GC heap before
{Heap before GC invocations=88 (full 30):
 garbage-first heap   total 116736K, used 34303K [0x00000000c0000000, 0x0000000100000000)
  region size 1024K, 1 young (1024K), 0 survivors (0K)
 Metaspace       used 58289K, committed 59072K, reserved 1114112K
  class space    used 7251K, committed 7552K, reserved 1048576K
}
Event: 727.466 GC heap after
{Heap after GC invocations=89 (full 31):
 garbage-first heap   total 116736K, used 34303K [0x00000000c0000000, 0x0000000100000000)
  region size 1024K, 0 young (0K), 0 survivors (0K)
 Metaspace       used 58289K, committed 59072K, reserved 1114112K
  class space    used 7251K, committed 7552K, reserved 1048576K
}
Event: 742.910 GC heap before
{Heap before GC invocations=89 (full 31):
 garbage-first heap   total 116736K, used 34303K [0x00000000c0000000, 0x0000000100000000)
  region size 1024K, 1 young (1024K), 0 survivors (0K)
 Metaspace       used 58289K, committed 59072K, reserved 1114112K
  class space    used 7251K, committed 7552K, reserved 1048576K
}
Event: 742.967 GC heap after
{Heap after GC invocations=90 (full 32):
 garbage-first heap   total 116736K, used 34303K [0x00000000c0000000, 0x0000000100000000)
  region size 1024K, 0 young (0K), 0 survivors (0K)
 Metaspace       used 58289K, committed 59072K, reserved 1114112K
  class space    used 7251K, committed 7552K, reserved 1048576K
}
Event: 755.004 GC heap before
{Heap before GC invocations=90 (full 32):
 garbage-first heap   total 116736K, used 34303K [0x00000000c0000000, 0x0000000100000000)
  region size 1024K, 1 young (1024K), 0 survivors (0K)
 Metaspace       used 58289K, committed 59072K, reserved 1114112K
  class space    used 7251K, committed 7552K, reserved 1048576K
}
Event: 755.062 GC heap after
{Heap after GC invocations=91 (full 33):
 garbage-first heap   total 116736K, used 34303K [0x00000000c0000000, 0x0000000100000000)
  region size 1024K, 0 young (0K), 0 survivors (0K)
 Metaspace       used 58289K, committed 59072K, reserved 1114112K
  class space    used 7251K, committed 7552K, reserved 1048576K
}
Event: 765.981 GC heap before
{Heap before GC invocations=91 (full 33):
 garbage-first heap   total 116736K, used 34303K [0x00000000c0000000, 0x0000000100000000)
  region size 1024K, 1 young (1024K), 0 survivors (0K)
 Metaspace       used 58289K, committed 59072K, reserved 1114112K
  class space    used 7251K, committed 7552K, reserved 1048576K
}
Event: 766.040 GC heap after
{Heap after GC invocations=92 (full 34):
 garbage-first heap   total 116736K, used 34303K [0x00000000c0000000, 0x0000000100000000)
  region size 1024K, 0 young (0K), 0 survivors (0K)
 Metaspace       used 58289K, committed 59072K, reserved 1114112K
  class space    used 7251K, committed 7552K, reserved 1048576K
}
Event: 776.481 GC heap before
{Heap before GC invocations=92 (full 34):
 garbage-first heap   total 116736K, used 34303K [0x00000000c0000000, 0x0000000100000000)
  region size 1024K, 1 young (1024K), 0 survivors (0K)
 Metaspace       used 58289K, committed 59072K, reserved 1114112K
  class space    used 7251K, committed 7552K, reserved 1048576K
}
Event: 776.532 GC heap after
{Heap after GC invocations=93 (full 35):
 garbage-first heap   total 116736K, used 34303K [0x00000000c0000000, 0x0000000100000000)
  region size 1024K, 0 young (0K), 0 survivors (0K)
 Metaspace       used 58289K, committed 59072K, reserved 1114112K
  class space    used 7251K, committed 7552K, reserved 1048576K
}

Dll operation events (10 events):
Event: 0.067 Loaded shared library c:\Users\abhij\.vscode\extensions\redhat.java-1.28.1-win32-x64\jre\17.0.10-win32-x86_64\bin\java.dll
Event: 0.554 Loaded shared library C:\Users\abhij\.vscode\extensions\redhat.java-1.28.1-win32-x64\jre\17.0.10-win32-x86_64\bin\net.dll
Event: 0.561 Loaded shared library C:\Users\abhij\.vscode\extensions\redhat.java-1.28.1-win32-x64\jre\17.0.10-win32-x86_64\bin\nio.dll
Event: 0.590 Loaded shared library C:\Users\abhij\.vscode\extensions\redhat.java-1.28.1-win32-x64\jre\17.0.10-win32-x86_64\bin\zip.dll
Event: 0.978 Loaded shared library C:\Users\abhij\.vscode\extensions\redhat.java-1.28.1-win32-x64\jre\17.0.10-win32-x86_64\bin\jimage.dll
Event: 2.702 Loaded shared library c:\Users\abhij\.vscode\extensions\redhat.java-1.28.1-win32-x64\jre\17.0.10-win32-x86_64\bin\verify.dll
Event: 5.270 Loaded shared library C:\Users\abhij\.vscode\extensions\redhat.java-1.28.1-win32-x64\jre\17.0.10-win32-x86_64\bin\management.dll
Event: 5.276 Loaded shared library C:\Users\abhij\.vscode\extensions\redhat.java-1.28.1-win32-x64\jre\17.0.10-win32-x86_64\bin\management_ext.dll
Event: 6.756 Loaded shared library C:\Users\abhij\.vscode\extensions\redhat.java-1.28.1-win32-x64\jre\17.0.10-win32-x86_64\bin\sunmscapi.dll
Event: 7.333 Loaded shared library C:\Users\abhij\.vscode\extensions\redhat.java-1.28.1-win32-x64\jre\17.0.10-win32-x86_64\bin\extnet.dll

Deoptimization events (8 events):
Event: 5.679 Thread 0x000001f96c5d7c80 DEOPT PACKING pc=0x000001f95fae8d81 sp=0x00000040473fd8b0
Event: 5.679 Thread 0x000001f96c5d7c80 DEOPT UNPACKING pc=0x000001f95f60ace3 sp=0x00000040473fcd40 mode 3
Event: 5.707 Thread 0x000001f96c74cd40 DEOPT PACKING pc=0x000001f95fac9617 sp=0x00000040474ff270
Event: 5.707 Thread 0x000001f96c74cd40 DEOPT UNPACKING pc=0x000001f95f60ace3 sp=0x00000040474fe6c8 mode 3
Event: 6.888 Thread 0x000001f96c4a8c70 DEOPT PACKING pc=0x000001f95f82a48c sp=0x00000040484fa970
Event: 6.888 Thread 0x000001f96c4a8c70 DEOPT UNPACKING pc=0x000001f95f60ace3 sp=0x00000040484f9e38 mode 0
Event: 159.031 Thread 0x000001f96c5d7c80 DEOPT PACKING pc=0x000001f95fbbed54 sp=0x00000040473feb80
Event: 159.031 Thread 0x000001f96c5d7c80 DEOPT UNPACKING pc=0x000001f95f60ace3 sp=0x00000040473fe008 mode 0

Classes unloaded (20 events):
Event: 156.978 Thread 0x000001f966faa8c0 Unloading class 0x0000000100089800 'java/lang/invoke/LambdaForm$MH+0x0000000100089800'
Event: 156.978 Thread 0x000001f966faa8c0 Unloading class 0x0000000100089400 'java/lang/invoke/LambdaForm$MH+0x0000000100089400'
Event: 156.978 Thread 0x000001f966faa8c0 Unloading class 0x0000000100088c00 'java/lang/invoke/LambdaForm$MH+0x0000000100088c00'
Event: 156.978 Thread 0x000001f966faa8c0 Unloading class 0x0000000100088400 'java/lang/invoke/LambdaForm$MH+0x0000000100088400'
Event: 318.856 Thread 0x000001f966faa8c0 Unloading class 0x0000000100730800 'java/lang/invoke/LambdaForm$MH+0x0000000100730800'
Event: 318.856 Thread 0x000001f966faa8c0 Unloading class 0x0000000100730400 'java/lang/invoke/LambdaForm$MH+0x0000000100730400'
Event: 318.856 Thread 0x000001f966faa8c0 Unloading class 0x0000000100730000 'java/lang/invoke/LambdaForm$MH+0x0000000100730000'
Event: 318.856 Thread 0x000001f966faa8c0 Unloading class 0x00000001003b2c00 'java/lang/invoke/LambdaForm$MH+0x00000001003b2c00'
Event: 318.856 Thread 0x000001f966faa8c0 Unloading class 0x000000010008e800 'java/lang/invoke/LambdaForm$MH+0x000000010008e800'
Event: 318.856 Thread 0x000001f966faa8c0 Unloading class 0x000000010008e400 'java/lang/invoke/LambdaForm$MH+0x000000010008e400'
Event: 318.856 Thread 0x000001f966faa8c0 Unloading class 0x000000010008e000 'java/lang/invoke/LambdaForm$MH+0x000000010008e000'
Event: 318.856 Thread 0x000001f966faa8c0 Unloading class 0x000000010008dc00 'java/lang/invoke/LambdaForm$MH+0x000000010008dc00'
Event: 318.856 Thread 0x000001f966faa8c0 Unloading class 0x000000010008d800 'java/lang/invoke/LambdaForm$MH+0x000000010008d800'
Event: 318.856 Thread 0x000001f966faa8c0 Unloading class 0x000000010008d400 'java/lang/invoke/LambdaForm$MH+0x000000010008d400'
Event: 318.856 Thread 0x000001f966faa8c0 Unloading class 0x000000010008cc00 'java/lang/invoke/LambdaForm$MH+0x000000010008cc00'
Event: 318.856 Thread 0x000001f966faa8c0 Unloading class 0x000000010008c800 'java/lang/invoke/LambdaForm$MH+0x000000010008c800'
Event: 318.856 Thread 0x000001f966faa8c0 Unloading class 0x000000010008c000 'java/lang/invoke/LambdaForm$MH+0x000000010008c000'
Event: 318.856 Thread 0x000001f966faa8c0 Unloading class 0x000000010008bc00 'java/lang/invoke/LambdaForm$MH+0x000000010008bc00'
Event: 390.318 Thread 0x000001f966faa8c0 Unloading class 0x00000001006c4000 'jdk/internal/reflect/GeneratedConstructorAccessor52'
Event: 390.318 Thread 0x000001f966faa8c0 Unloading class 0x000000010071c800 'jdk/internal/reflect/GeneratedConstructorAccessor51'

Classes redefined (0 events):
No events

Internal exceptions (20 events):
Event: 273.872 Thread 0x000001f96c4a8760 Exception <a 'sun/nio/fs/WindowsException'{0x00000000c609eb08}> (0x00000000c609eb08) 
thrown [s\src\hotspot\share\prims\jni.cpp, line 516]
Event: 273.872 Thread 0x000001f96c4a8760 Exception <a 'sun/nio/fs/WindowsException'{0x00000000c609ee68}> (0x00000000c609ee68) 
thrown [s\src\hotspot\share\prims\jni.cpp, line 516]
Event: 273.873 Thread 0x000001f96c4a8760 Exception <a 'sun/nio/fs/WindowsException'{0x00000000c609fb58}> (0x00000000c609fb58) 
thrown [s\src\hotspot\share\prims\jni.cpp, line 516]
Event: 273.873 Thread 0x000001f96c4a8760 Exception <a 'sun/nio/fs/WindowsException'{0x00000000c60a0240}> (0x00000000c60a0240) 
thrown [s\src\hotspot\share\prims\jni.cpp, line 516]
Event: 273.873 Thread 0x000001f96c4a8760 Exception <a 'sun/nio/fs/WindowsException'{0x00000000c60a0568}> (0x00000000c60a0568) 
thrown [s\src\hotspot\share\prims\jni.cpp, line 516]
Event: 273.873 Thread 0x000001f96c4a8760 Exception <a 'sun/nio/fs/WindowsException'{0x00000000c60a14f0}> (0x00000000c60a14f0) 
thrown [s\src\hotspot\share\prims\jni.cpp, line 516]
Event: 273.873 Thread 0x000001f96c4a8760 Exception <a 'sun/nio/fs/WindowsException'{0x00000000c60a1850}> (0x00000000c60a1850) 
thrown [s\src\hotspot\share\prims\jni.cpp, line 516]
Event: 274.124 Thread 0x000001f96c4a8760 Exception <a 'sun/nio/fs/WindowsException'{0x00000000c6e2ef60}> (0x00000000c6e2ef60) 
thrown [s\src\hotspot\share\prims\jni.cpp, line 516]
Event: 274.124 Thread 0x000001f96c4a8760 Exception <a 'sun/nio/fs/WindowsException'{0x00000000c6e2f5f8}> (0x00000000c6e2f5f8) 
thrown [s\src\hotspot\share\prims\jni.cpp, line 516]
Event: 274.124 Thread 0x000001f96c4a8760 Exception <a 'sun/nio/fs/WindowsException'{0x00000000c6e2f8f8}> (0x00000000c6e2f8f8) 
thrown [s\src\hotspot\share\prims\jni.cpp, line 516]
Event: 274.124 Thread 0x000001f96c4a8760 Exception <a 'sun/nio/fs/WindowsException'{0x00000000c6e30858}> (0x00000000c6e30858) 
thrown [s\src\hotspot\share\prims\jni.cpp, line 516]
Event: 274.124 Thread 0x000001f96c4a8760 Exception <a 'sun/nio/fs/WindowsException'{0x00000000c6e30ba8}> (0x00000000c6e30ba8) 
thrown [s\src\hotspot\share\prims\jni.cpp, line 516]
Event: 274.124 Thread 0x000001f96c4a8760 Exception <a 'sun/nio/fs/WindowsException'{0x00000000c6e31898}> (0x00000000c6e31898) 
thrown [s\src\hotspot\share\prims\jni.cpp, line 516]
Event: 274.124 Thread 0x000001f96c4a8760 Exception <a 'sun/nio/fs/WindowsException'{0x00000000c6e31f80}> (0x00000000c6e31f80) 
thrown [s\src\hotspot\share\prims\jni.cpp, line 516]
Event: 274.126 Thread 0x000001f96c4a8760 Exception <a 'sun/nio/fs/WindowsException'{0x00000000c6e322a8}> (0x00000000c6e322a8) 
thrown [s\src\hotspot\share\prims\jni.cpp, line 516]
Event: 274.126 Thread 0x000001f96c4a8760 Exception <a 'sun/nio/fs/WindowsException'{0x00000000c6e33230}> (0x00000000c6e33230) 
thrown [s\src\hotspot\share\prims\jni.cpp, line 516]
Event: 274.126 Thread 0x000001f96c4a8760 Exception <a 'sun/nio/fs/WindowsException'{0x00000000c6e33590}> (0x00000000c6e33590) 
thrown [s\src\hotspot\share\prims\jni.cpp, line 516]
Event: 309.536 Thread 0x000001f96c4aa0b0 Exception <a 'java/io/IOException'{0x00000000c6cbc2d0}> (0x00000000c6cbc2d0) 
thrown [s\src\hotspot\share\prims\jni.cpp, line 516]
Event: 310.182 Thread 0x000001f96c4a4fb0 Exception <a 'java/io/IOException'{0x00000000c6cf7920}> (0x00000000c6cf7920) 
thrown [s\src\hotspot\share\prims\jni.cpp, line 516]
Event: 311.557 Thread 0x000001f96c4aafe0 Exception <a 'java/io/IOException'{0x00000000c6b00068}> (0x00000000c6b00068) 
thrown [s\src\hotspot\share\prims\jni.cpp, line 516]

VM Operations (20 events):
Event: 665.761 Executing VM operation: G1CollectFull done
Event: 676.803 Executing VM operation: G1CollectFull
Event: 676.833 Executing VM operation: G1CollectFull done
Event: 687.660 Executing VM operation: G1CollectFull
Event: 687.691 Executing VM operation: G1CollectFull done
Event: 699.564 Executing VM operation: G1CollectFull
Event: 699.597 Executing VM operation: G1CollectFull done
Event: 710.298 Executing VM operation: G1CollectFull
Event: 710.331 Executing VM operation: G1CollectFull done
Event: 727.402 Executing VM operation: G1CollectFull
Event: 727.466 Executing VM operation: G1CollectFull done
Event: 742.910 Executing VM operation: G1CollectFull
Event: 742.968 Executing VM operation: G1CollectFull done
Event: 755.004 Executing VM operation: G1CollectFull
Event: 755.062 Executing VM operation: G1CollectFull done
Event: 765.981 Executing VM operation: G1CollectFull
Event: 766.040 Executing VM operation: G1CollectFull done
Event: 776.480 Executing VM operation: G1CollectFull
Event: 776.532 Executing VM operation: G1CollectFull done
Event: 787.228 Executing VM operation: G1CollectFull

Events (20 events):
Event: 309.533 loading class sun/security/ssl/Alert done
Event: 309.533 loading class sun/security/ssl/Alert$AlertConsumer
Event: 309.534 loading class sun/security/ssl/Alert$AlertConsumer done
Event: 309.534 loading class sun/security/ssl/Alert$Level
Event: 309.534 loading class sun/security/ssl/Alert$Level done
Event: 309.536 loading class sun/net/ConnectionResetException
Event: 309.536 loading class sun/net/ConnectionResetException done
Event: 318.593 Thread 0x000001f96c4a63f0 Thread exited: 0x000001f96c4a63f0
Event: 333.104 Thread 0x000001f96ca45470 Thread exited: 0x000001f96ca45470
Event: 343.887 Thread 0x000001f96c4a5ee0 Thread exited: 0x000001f96c4a5ee0
Event: 369.541 Thread 0x000001f96c4aa0b0 Thread exited: 0x000001f96c4aa0b0
Event: 370.184 Thread 0x000001f96c4a4590 Thread exited: 0x000001f96c4a4590
Event: 370.189 Thread 0x000001f96c4a4fb0 Thread exited: 0x000001f96c4a4fb0
Event: 371.563 Thread 0x000001f96c4a54c0 Thread exited: 0x000001f96c4a54c0
Event: 371.573 Thread 0x000001f96c4aafe0 Thread exited: 0x000001f96c4aafe0
Event: 399.293 Thread 0x000001f96c4a9ba0 Thread exited: 0x000001f96c4a9ba0
Event: 512.148 Thread 0x000001f96c4a4080 Thread added: 0x000001f96c4a4080
Event: 512.432 Thread 0x000001f96c4a5ee0 Thread added: 0x000001f96c4a5ee0
Event: 575.747 Thread 0x000001f96c4a5ee0 Thread exited: 0x000001f96c4a5ee0
Event: 575.747 Thread 0x000001f96c4a4080 Thread exited: 0x000001f96c4a4080


Dynamic libraries:
0x00007ff7a2410000 - 0x00007ff7a241e000 	c:\Users\abhij\.vscode\extensions\redhat.java-1.28.1-win32-x64\jre\17.0.10-win32-x86_64\bin\java.exe
0x00007ffe8c050000 - 0x00007ffe8c267000 	C:\WINDOWS\SYSTEM32\ntdll.dll
0x00007ffe8bb60000 - 0x00007ffe8bc24000 	C:\WINDOWS\System32\KERNEL32.DLL
0x00007ffe898d0000 - 0x00007ffe89c76000 	C:\WINDOWS\System32\KERNELBASE.dll
0x00007ffe89c80000 - 0x00007ffe89d91000 	C:\WINDOWS\System32\ucrtbase.dll
0x00007ffe7d2e0000 - 0x00007ffe7d2f7000 	c:\Users\abhij\.vscode\extensions\redhat.java-1.28.1-win32-x64\jre\17.0.10-win32-x86_64\bin\jli.dll
0x00007ffe8ae60000 - 0x00007ffe8b00e000 	C:\WINDOWS\System32\USER32.dll
0x00007ffe898a0000 - 0x00007ffe898c6000 	C:\WINDOWS\System32\win32u.dll
0x00007ffe8bb30000 - 0x00007ffe8bb59000 	C:\WINDOWS\System32\GDI32.dll
0x00007ffe89410000 - 0x00007ffe89528000 	C:\WINDOWS\System32\gdi32full.dll
0x00007ffe89800000 - 0x00007ffe8989a000 	C:\WINDOWS\System32\msvcp_win.dll
0x00007ffe75850000 - 0x00007ffe7586b000 	c:\Users\abhij\.vscode\extensions\redhat.java-1.28.1-win32-x64\jre\17.0.10-win32-x86_64\bin\VCRUNTIME140.dll
0x00007ffe6ce30000 - 0x00007ffe6d0c3000 	C:\WINDOWS\WinSxS\amd64_microsoft.windows.common-controls_6595b64144ccf1df_6.0.22621.2506_none_270c5ae97388e100\COMCTL32.dll
0x00007ffe8a600000 - 0x00007ffe8a6a7000 	C:\WINDOWS\System32\msvcrt.dll
0x00007ffe8b8d0000 - 0x00007ffe8b901000 	C:\WINDOWS\System32\IMM32.DLL
0x00007ffe7fcb0000 - 0x00007ffe7fcbc000 	c:\Users\abhij\.vscode\extensions\redhat.java-1.28.1-win32-x64\jre\17.0.10-win32-x86_64\bin\vcruntime140_1.dll
0x00007ffe56fc0000 - 0x00007ffe5704d000 	c:\Users\abhij\.vscode\extensions\redhat.java-1.28.1-win32-x64\jre\17.0.10-win32-x86_64\bin\msvcp140.dll
0x00007ffe1f6f0000 - 0x00007ffe20352000 	c:\Users\abhij\.vscode\extensions\redhat.java-1.28.1-win32-x64\jre\17.0.10-win32-x86_64\bin\server\jvm.dll
0x00007ffe8bde0000 - 0x00007ffe8be93000 	C:\WINDOWS\System32\ADVAPI32.dll
0x00007ffe8ba80000 - 0x00007ffe8bb28000 	C:\WINDOWS\System32\sechost.dll
0x00007ffe89760000 - 0x00007ffe89788000 	C:\WINDOWS\System32\bcrypt.dll
0x00007ffe8bea0000 - 0x00007ffe8bfb7000 	C:\WINDOWS\System32\RPCRT4.dll
0x00007ffe88c60000 - 0x00007ffe88cad000 	C:\WINDOWS\SYSTEM32\POWRPROF.dll
0x00007ffe548e0000 - 0x00007ffe548e9000 	C:\WINDOWS\SYSTEM32\WSOCK32.dll
0x00007ffe8a870000 - 0x00007ffe8a8e1000 	C:\WINDOWS\System32\WS2_32.dll
0x00007ffe7a730000 - 0x00007ffe7a764000 	C:\WINDOWS\SYSTEM32\WINMM.dll
0x00007ffe7d770000 - 0x00007ffe7d77a000 	C:\WINDOWS\SYSTEM32\VERSION.dll
0x00007ffe88c40000 - 0x00007ffe88c53000 	C:\WINDOWS\SYSTEM32\UMPDC.dll
0x00007ffe883d0000 - 0x00007ffe883e8000 	C:\WINDOWS\SYSTEM32\kernel.appcore.dll
0x00007ffe7e830000 - 0x00007ffe7e83a000 	c:\Users\abhij\.vscode\extensions\redhat.java-1.28.1-win32-x64\jre\17.0.10-win32-x86_64\bin\jimage.dll
0x00007ffe86bc0000 - 0x00007ffe86df3000 	C:\WINDOWS\SYSTEM32\DBGHELP.DLL
0x00007ffe8b010000 - 0x00007ffe8b399000 	C:\WINDOWS\System32\combase.dll
0x00007ffe8b920000 - 0x00007ffe8b9f7000 	C:\WINDOWS\System32\OLEAUT32.dll
0x00007ffe55910000 - 0x00007ffe55942000 	C:\WINDOWS\SYSTEM32\dbgcore.DLL
0x00007ffe89390000 - 0x00007ffe8940a000 	C:\WINDOWS\System32\bcryptPrimitives.dll
0x00007ffe69070000 - 0x00007ffe69095000 	c:\Users\abhij\.vscode\extensions\redhat.java-1.28.1-win32-x64\jre\17.0.10-win32-x86_64\bin\java.dll
0x00007ffe700f0000 - 0x00007ffe70108000 	c:\Users\abhij\.vscode\extensions\redhat.java-1.28.1-win32-x64\jre\17.0.10-win32-x86_64\bin\zip.dll
0x00007ffe89da0000 - 0x00007ffe8a5fb000 	C:\WINDOWS\System32\SHELL32.dll
0x00007ffe872b0000 - 0x00007ffe87ba6000 	C:\WINDOWS\SYSTEM32\windows.storage.dll
0x00007ffe87170000 - 0x00007ffe872ae000 	C:\WINDOWS\SYSTEM32\wintypes.dll
0x00007ffe8bc50000 - 0x00007ffe8bd43000 	C:\WINDOWS\System32\SHCORE.dll
0x00007ffe8ad90000 - 0x00007ffe8adee000 	C:\WINDOWS\System32\shlwapi.dll
0x00007ffe892c0000 - 0x00007ffe892e6000 	C:\WINDOWS\SYSTEM32\profapi.dll
0x00007ffe7aa50000 - 0x00007ffe7aa69000 	C:\Users\abhij\.vscode\extensions\redhat.java-1.28.1-win32-x64\jre\17.0.10-win32-x86_64\bin\net.dll
0x00007ffe80dc0000 - 0x00007ffe80ef7000 	C:\WINDOWS\SYSTEM32\WINHTTP.dll
0x00007ffe888c0000 - 0x00007ffe88929000 	C:\WINDOWS\system32\mswsock.dll
0x00007ffe75830000 - 0x00007ffe75846000 	C:\Users\abhij\.vscode\extensions\redhat.java-1.28.1-win32-x64\jre\17.0.10-win32-x86_64\bin\nio.dll
0x00007ffe7aa30000 - 0x00007ffe7aa40000 	c:\Users\abhij\.vscode\extensions\redhat.java-1.28.1-win32-x64\jre\17.0.10-win32-x86_64\bin\verify.dll
0x00007ffe88b20000 - 0x00007ffe88b3b000 	C:\WINDOWS\SYSTEM32\CRYPTSP.dll
0x00007ffe88330000 - 0x00007ffe88365000 	C:\WINDOWS\system32\rsaenh.dll
0x00007ffe889b0000 - 0x00007ffe889dc000 	C:\WINDOWS\SYSTEM32\USERENV.dll
0x00007ffe88b10000 - 0x00007ffe88b1c000 	C:\WINDOWS\SYSTEM32\CRYPTBASE.dll
0x00007ffe87e10000 - 0x00007ffe87e3d000 	C:\WINDOWS\SYSTEM32\IPHLPAPI.DLL
0x00007ffe8ad80000 - 0x00007ffe8ad89000 	C:\WINDOWS\System32\NSI.dll
0x00007ffe810e0000 - 0x00007ffe810f9000 	C:\WINDOWS\SYSTEM32\dhcpcsvc6.DLL
0x00007ffe810c0000 - 0x00007ffe810df000 	C:\WINDOWS\SYSTEM32\dhcpcsvc.DLL
0x00007ffe87e40000 - 0x00007ffe87f39000 	C:\WINDOWS\SYSTEM32\DNSAPI.dll
0x00007ffe84240000 - 0x00007ffe84249000 	C:\Users\abhij\.vscode\extensions\redhat.java-1.28.1-win32-x64\jre\17.0.10-win32-x86_64\bin\management.dll
0x00007ffe84110000 - 0x00007ffe8411b000 	C:\Users\abhij\.vscode\extensions\redhat.java-1.28.1-win32-x64\jre\17.0.10-win32-x86_64\bin\management_ext.dll
0x00007ffe8ae50000 - 0x00007ffe8ae58000 	C:\WINDOWS\System32\PSAPI.DLL
0x00007ffe75e60000 - 0x00007ffe75e6e000 	C:\Users\abhij\.vscode\extensions\redhat.java-1.28.1-win32-x64\jre\17.0.10-win32-x86_64\bin\sunmscapi.dll
0x00007ffe89530000 - 0x00007ffe89696000 	C:\WINDOWS\System32\CRYPT32.dll
0x00007ffe88d50000 - 0x00007ffe88d7e000 	C:\WINDOWS\SYSTEM32\ncrypt.dll
0x00007ffe88d10000 - 0x00007ffe88d47000 	C:\WINDOWS\SYSTEM32\NTASN1.dll
0x00007ffe7dad0000 - 0x00007ffe7dada000 	C:\Windows\System32\rasadhlp.dll
0x00007ffe7e0e0000 - 0x00007ffe7e163000 	C:\WINDOWS\System32\fwpuclnt.dll
0x00007ffe7a810000 - 0x00007ffe7a819000 	C:\Users\abhij\.vscode\extensions\redhat.java-1.28.1-win32-x64\jre\17.0.10-win32-x86_64\bin\extnet.dll

dbghelp: loaded successfully - version: 4.0.5 - missing functions: none
symbol engine: initialized successfully - sym options: 0x614 - pdb path: .;c:\Users\abhij\.vscode\extensions\redhat.java-1.28.1-win32-x64\jre\17.0.10-win32-x86_64\bin;C:\WINDOWS\SYSTEM32;C:\WINDOWS\WinSxS\amd64_microsoft.windows.common-controls_6595b64144ccf1df_6.0.22621.2506_none_270c5ae97388e100;c:\Users\abhij\.vscode\extensions\redhat.java-1.28.1-win32-x64\jre\17.0.10-win32-x86_64\bin\server

VM Arguments:
jvm_args: -XX:+HeapDumpOnOutOfMemoryError -Xmx1024m -Dsts.lsp.client=vscode -Dsts.log.file=/dev/null -XX:TieredStopAtLevel=1 -Xlog:jni+resolve=off -Dspring.config.location=file:c:\Users\abhij\.vscode\extensions\vmware.vscode-spring-boot-1.52.0\language-server\BOOT-INF\classes\application.properties 
java_command: org.springframework.ide.vscode.boot.app.BootLanguageServerBootApp
java_class_path (initial): c:\Users\abhij\.vscode\extensions\vmware.vscode-spring-boot-1.52.0\language-server\BOOT-INF\classes;c:\Users\abhij\.vscode\extensions\vmware.vscode-spring-boot-1.52.0\language-server\BOOT-INF\lib\annotations-24.1.0.jar;c:\Users\abhij\.vscode\extensions\vmware.vscode-spring-boot-1.52.0\language-server\BOOT-INF\lib\antlr4-runtime-4.11.1.jar;c:\Users\abhij\.vscode\extensions\vmware.vscode-spring-boot-1.52.0\language-server\BOOT-INF\lib\asm-9.6.jar;c:\Users\abhij\.vscode\extensions\vmware.vscode-spring-boot-1.52.0\language-server\BOOT-INF\lib\asm-analysis-9.6.jar;c:\Users\abhij\.vscode\extensions\vmware.vscode-spring-boot-1.52.0\language-server\BOOT-INF\lib\asm-tree-9.6.jar;c:\Users\abhij\.vscode\extensions\vmware.vscode-spring-boot-1.52.0\language-server\BOOT-INF\lib\asm-util-9.6.jar;c:\Users\abhij\.vscode\extensions\vmware.vscode-spring-boot-1.52.0\language-server\BOOT-INF\lib\caffeine-3.1.8.jar;c:\Users\abhij\.vscode\extensions\vmware.vscode-spring-boot-1.52.0\language-server\BOOT-INF\lib\checker-qual-3.12.0.jar;c:\Users\abhij\.vscode\extensions\vmware.vscode-spring-boot-1.52.0\language-server\BOOT-INF\lib\classgraph-4.8.149.jar;c:\Users\abhij\.vscode\extensions\vmware.vscode-spring-boot-1.52.0\language-server\BOOT-INF\lib\commons-codec-1.16.0.jar;c:\Users\abhij\.vscode\extensions\vmware.vscode-spring-boot-1.52.0\language-server\BOOT-INF\lib\commons-compress-1.25.0.jar;c:\Users\abhij\.vscode\extensions\vmware.vscode-spring-boot-1.52.0\language-server\BOOT-INF\lib\commons-io-2.4.jar;c:\Users\abhij\.vscode\extensions\vmware.vscode-spring-boot-1.52.0\language-server\BOOT-INF\lib\commons-java-1.52.0-SNAPSHOT.jar;c:\Users\abhij\.vscode\extensions\vmware.vscode-spring-boot-1.52.0\language-server\BOOT-INF\lib\commons-lang3-3.13.0.jar;c:\Users\abhij\.vscode\extensions\vmware.vscode-spring-boot-1.52.0\language-server\BOOT-INF\lib\commons-language-server-1.52.0-SNAPSHOT.jar;c:\Users\abhij\.vscode\extensions\vmware.vscode-spring-boot-1.52.0\language
Launcher Type: SUN_STANDARD

[Global flags]
     intx CICompilerCount                          = 3                                         {product} {ergonomic}
     uint ConcGCThreads                            = 1                                         {product} {ergonomic}
     uint G1ConcRefinementThreads                  = 4                                         {product} {ergonomic}
   size_t G1HeapRegionSize                         = 1048576                                   {product} {ergonomic}
    uintx GCDrainStackTargetSize                   = 64                                        {product} {ergonomic}
     bool HeapDumpOnOutOfMemoryError               = true                                   {manageable} {command line}
   size_t InitialHeapSize                          = 132120576                                 {product} {ergonomic}
   size_t MarkStackSize                            = 4194304                                   {product} {ergonomic}
   size_t MaxHeapSize                              = 1073741824                                {product} {command line}
   size_t MaxNewSize                               = 643825664                                 {product} {ergonomic}
   size_t MinHeapDeltaBytes                        = 1048576                                   {product} {ergonomic}
   size_t MinHeapSize                              = 8388608                                   {product} {ergonomic}
    uintx NonProfiledCodeHeapSize                  = 0                                      {pd product} {ergonomic}
     bool ProfileInterpreter                       = false                                  {pd product} {command line}
    uintx ProfiledCodeHeapSize                     = 0                                      {pd product} {ergonomic}
   size_t SoftMaxHeapSize                          = 1073741824                             {manageable} {ergonomic}
     intx TieredStopAtLevel                        = 1                                         {product} {command line}
     bool UseCompressedClassPointers               = true                           {product lp64_product} {ergonomic}
     bool UseCompressedOops                        = true                           {product lp64_product} {ergonomic}
     bool UseG1GC                                  = true                                      {product} {ergonomic}
     bool UseLargePagesIndividualAllocation        = false                                  {pd product} {ergonomic}

Logging:
Log output configuration:
 #0: stdout all=warning,jni+resolve=off uptime,level,tags
 #1: stderr all=off uptime,level,tags

Environment Variables:
JAVA_HOME=C:\Program Files\Java\jdk-21
CLASSPATH=C:\oraclexe\app\oracle\product\10.2.0\server\jdbc\lib\ojdbc14_g;
PATH=C:\oraclexe\app\oracle\product\10.2.0\server\bin;C:\WINDOWS\system32;C:\WINDOWS;C:\WINDOWS\System32\Wbem;C:\WINDOWS\System32\WindowsPowerShell\v1.0\;C:\WINDOWS\System32\OpenSSH\;C:\Program Files\Java\jdk-21\bin;C:\Program Files\MySQL\MySQL Server 8.0\bin;C:\Program Files\Git\cmd;C:\Program Files\Git\mingw64\bin;C:\Program Files\Git\usr\bin;C:\Program Files\MongoDB\mongosh-2.1.3-win32-x64\bin;C:\Program Files\nodejs\;C:\Program Files\MySQL\MySQL Shell 8.0\bin\;C:\Users\abhij\AppData\Local\Microsoft\WindowsApps;C:\Users\abhij\AppData\Local\Programs\Microsoft VS Code\bin;C:\Users\abhij\AppData\Roaming\npm;C:\Program Files\JetBrains\IntelliJ IDEA Community Edition 2023.3.4\bin;;C:\Users\abhij\AppData\Local\GitHubDesktop\bin
USERNAME=abhij
OS=Windows_NT
PROCESSOR_IDENTIFIER=Intel64 Family 6 Model 140 Stepping 1, GenuineIntel
TMP=C:\Users\abhij\AppData\Local\Temp
TEMP=C:\Users\abhij\AppData\Local\Temp



Periodic native trim disabled


---------------  S Y S T E M  ---------------

OS:
 Windows 11 , 64 bit Build 22621 (10.0.22621.3085)
OS uptime: 6 days 3:24 hours

CPU: total 4 (initial active 4) (2 cores per cpu, 2 threads per core) family 6 model 140 stepping 1 microcode 0x9a, cx8, cmov, fxsr, ht, mmx, 3dnowpref, sse, sse2, sse3, ssse3, sse4.1, sse4.2, popcnt, lzcnt, tsc, tscinvbit, avx, avx2, aes, erms, clmul, bmi1, bmi2, adx, avx512f, avx512dq, avx512cd, avx512bw, avx512vl, sha, fma, vzeroupper, avx512_vpopcntdq, avx512_vpclmulqdq, avx512_vaes, avx512_vnni, clflush, clflushopt, clwb, avx512_vbmi2, avx512_vbmi
Processor Information for all 4 processors :
  Max Mhz: 2995, Current Mhz: 2995, Mhz Limit: 2995

Memory: 4k page, system-wide physical 7991M (383M free)
TotalPageFile size 25418M (AvailPageFile size 3M)
current process WorkingSet (physical memory assigned to process): 65M, peak: 285M
current process commit charge ("private bytes"): 271M, peak: 322M

vm_info: OpenJDK 64-Bit Server VM (17.0.10+7) for windows-amd64 JRE (17.0.10+7), built on Jan 16 2024 23:25:11 by "admin" with MS VC++ 16.10 / 16.11 (VS2019)

END.
